{"meta": {"format": 3, "version": "7.13.0", "timestamp": "2026-01-02T16:54:25.377848", "branch_coverage": true, "show_contexts": false}, "files": {"trendradar/__init__.py": {"executed_lines": [2, 10, 12, 13], "summary": {"covered_lines": 3, "num_statements": 3, "percent_covered": 100.0, "percent_covered_display": "100.00", "missing_lines": 0, "excluded_lines": 0, "percent_statements_covered": 100.0, "percent_statements_covered_display": "100.00", "num_branches": 0, "num_partial_branches": 0, "covered_branches": 0, "missing_branches": 0, "percent_branches_covered": 100.0, "percent_branches_covered_display": "100.00"}, "missing_lines": [], "excluded_lines": [], "executed_branches": [], "missing_branches": [], "functions": {"": {"executed_lines": [2, 10, 12, 13], "summary": {"covered_lines": 3, "num_statements": 3, "percent_covered": 100.0, "percent_covered_display": "100.00", "missing_lines": 0, "excluded_lines": 0, "percent_statements_covered": 100.0, "percent_statements_covered_display": "100.00", "num_branches": 0, "num_partial_branches": 0, "covered_branches": 0, "missing_branches": 0, "percent_branches_covered": 100.0, "percent_branches_covered_display": "100.00"}, "missing_lines": [], "excluded_lines": [], "executed_branches": [], "missing_branches": []}}, "classes": {"": {"executed_lines": [2, 10, 12, 13], "summary": {"covered_lines": 3, "num_statements": 3, "percent_covered": 100.0, "percent_covered_display": "100.00", "missing_lines": 0, "excluded_lines": 0, "percent_statements_covered": 100.0, "percent_statements_covered_display": "100.00", "num_branches": 0, "num_partial_branches": 0, "covered_branches": 0, "missing_branches": 0, "percent_branches_covered": 100.0, "percent_branches_covered_display": "100.00"}, "missing_lines": [], "excluded_lines": [], "executed_branches": [], "missing_branches": []}}}, "trendradar/__main__.py": {"executed_lines": [], "summary": {"covered_lines": 0, "num_statements": 502, "percent_covered": 0.0, "percent_covered_display": "0.00", "missing_lines": 502, "excluded_lines": 2, "percent_statements_covered": 0.0, "percent_statements_covered_display": "0.00", "num_branches": 186, "num_partial_branches": 0, "covered_branches": 0, "missing_branches": 186, "percent_branches_covered": 0.0, "percent_branches_covered_display": "0.00"}, "missing_lines": [9, 10, 11, 12, 14, 16, 17, 18, 19, 20, 21, 22, 25, 29, 30, 31, 32, 34, 40, 43, 45, 46, 49, 50, 51, 52, 53, 54, 55, 56, 58, 59, 61, 62, 64, 65, 66, 70, 74, 104, 106, 107, 108, 109, 110, 113, 115, 116, 117, 118, 119, 120, 121, 122, 123, 126, 128, 129, 131, 134, 135, 137, 139, 140, 142, 143, 144, 146, 148, 149, 150, 152, 153, 155, 156, 157, 159, 161, 163, 165, 166, 167, 168, 169, 171, 173, 175, 176, 180, 181, 185, 187, 188, 189, 191, 193, 195, 197, 198, 215, 219, 221, 224, 225, 226, 228, 231, 232, 235, 237, 242, 244, 245, 246, 248, 252, 253, 254, 256, 257, 258, 260, 261, 263, 272, 273, 274, 276, 278, 279, 280, 281, 282, 283, 284, 286, 294, 296, 315, 328, 329, 330, 337, 338, 339, 352, 354, 367, 368, 371, 372, 373, 376, 377, 379, 385, 386, 387, 388, 389, 390, 391, 394, 395, 396, 397, 399, 400, 401, 404, 406, 407, 408, 409, 411, 414, 417, 420, 421, 432, 433, 434, 437, 442, 443, 445, 447, 448, 449, 450, 451, 456, 457, 458, 459, 462, 463, 464, 465, 467, 471, 475, 477, 484, 487, 490, 491, 492, 494, 499, 513, 514, 517, 529, 531, 538, 539, 542, 543, 544, 546, 551, 566, 567, 568, 570, 572, 573, 575, 576, 577, 579, 580, 581, 582, 583, 585, 587, 588, 589, 591, 593, 594, 595, 596, 598, 600, 603, 604, 606, 611, 612, 613, 618, 619, 622, 623, 624, 627, 628, 629, 631, 633, 643, 644, 646, 647, 648, 649, 651, 652, 655, 656, 658, 659, 660, 661, 662, 663, 664, 665, 666, 667, 668, 669, 670, 672, 680, 681, 683, 684, 685, 688, 690, 692, 694, 695, 696, 698, 710, 713, 714, 717, 719, 720, 722, 723, 724, 725, 726, 727, 728, 730, 747, 749, 752, 753, 756, 757, 758, 759, 761, 762, 763, 765, 766, 769, 770, 771, 772, 773, 774, 777, 779, 780, 781, 783, 795, 796, 797, 799, 801, 802, 803, 804, 806, 807, 819, 820, 821, 824, 825, 840, 841, 842, 843, 845, 846, 858, 859, 860, 863, 864, 877, 879, 881, 882, 885, 886, 887, 888, 889, 892, 893, 894, 895, 896, 897, 898, 899, 900, 902, 904, 905, 906, 908, 910, 911, 912, 913, 915, 926, 927, 929, 931, 933, 934, 935, 936, 937, 938, 939, 940, 941, 943, 944, 945, 947, 948, 949, 950, 952, 953, 955, 959, 961, 963, 964, 965, 967, 975, 976, 977, 978, 980, 981, 982, 984, 985, 987, 988, 989, 991, 998, 1000, 1001, 1002, 1003, 1004, 1007, 1009, 1010, 1011, 1021, 1025, 1039, 1041, 1042, 1045, 1046, 1047, 1059, 1060, 1062, 1063, 1076, 1077, 1080, 1081, 1082, 1095, 1096, 1097, 1099, 1106, 1111, 1112, 1113, 1114, 1115, 1117, 1118, 1119, 1120, 1121, 1122, 1124, 1126, 1128, 1130, 1131, 1133, 1136, 1139, 1142, 1147, 1148, 1149, 1152, 1155, 1157, 1158, 1159, 1160, 1161, 1162, 1163, 1164, 1165, 1166, 1167, 1168], "excluded_lines": [1171, 1172], "executed_branches": [], "missing_branches": [[31, 32], [31, 34], [52, 53], [52, 54], [128, -104], [128, 129], [135, 137], [135, 139], [143, -131], [143, 144], [149, 150], [149, 152], [152, 153], [152, 155], [165, 166], [165, 168], [168, 169], [168, 171], [180, 181], [180, 187], [219, 221], [219, 226], [226, 228], [226, 231], [245, 246], [245, 248], [252, 253], [252, 256], [257, 258], [257, 260], [279, 280], [279, 294], [281, 279], [281, 282], [328, 329], [328, 337], [338, 339], [338, 352], [379, 385], [379, 447], [386, 387], [386, 388], [388, 389], [388, 390], [394, 395], [394, 414], [399, 400], [399, 406], [406, 407], [406, 414], [407, 408], [407, 411], [432, 433], [432, 437], [437, 442], [437, 445], [447, 448], [447, 449], [449, 450], [449, 451], [451, 456], [451, 475], [457, 458], [457, 471], [458, 459], [458, 467], [462, 463], [462, 464], [464, 465], [464, 475], [491, 492], [491, 494], [513, 514], [513, 517], [543, 544], [543, 546], [566, 567], [566, 568], [575, 576], [575, 579], [580, 581], [580, 582], [582, 583], [582, 585], [594, 595], [594, 600], [595, 596], [595, 598], [618, 619], [618, 622], [623, 624], [623, 627], [627, 628], [627, 631], [643, 644], [643, 646], [647, 648], [647, 651], [656, 658], [656, 683], [660, 661], [660, 672], [663, 664], [663, 672], [680, 656], [680, 681], [683, 684], [683, 688], [713, 714], [713, 719], [752, 753], [752, 756], [771, 772], [771, 777], [773, 774], [773, 777], [777, 779], [777, 799], [779, 780], [779, 783], [795, 796], [795, 877], [799, 801], [799, 840], [802, 803], [802, 806], [819, 820], [819, 824], [824, 825], [824, 877], [841, 842], [841, 845], [858, 859], [858, 863], [863, 864], [863, 877], [893, 894], [893, 902], [896, 893], [896, 897], [902, 904], [902, 926], [905, 906], [905, 908], [908, 902], [908, 910], [910, 911], [910, 915], [911, 912], [911, 915], [926, 927], [926, 929], [935, 936], [935, 953], [938, 939], [938, 943], [940, 938], [940, 941], [947, 948], [947, 953], [1002, 1003], [1002, 1004], [1007, 1009], [1007, 1062], [1010, 1011], [1010, 1059], [1041, 1042], [1041, 1045], [1046, 1047], [1046, 1095], [1076, 1077], [1076, 1080], [1081, 1082], [1081, 1095], [1096, 1097], [1096, 1111], [1097, 1099], [1097, 1106], [1111, 1112], [1111, 1120], [1112, 1113], [1112, 1117], [1120, 1121], [1120, 1126], [1121, 1122], [1121, 1124]], "functions": {"check_version_update": {"executed_lines": [], "summary": {"covered_lines": 0, "num_statements": 17, "percent_covered": 0.0, "percent_covered_display": "0.00", "missing_lines": 17, "excluded_lines": 0, "percent_statements_covered": 0.0, "percent_statements_covered_display": "0.00", "num_branches": 2, "num_partial_branches": 0, "covered_branches": 0, "missing_branches": 2, "percent_branches_covered": 0.0, "percent_branches_covered_display": "0.00"}, "missing_lines": [29, 30, 31, 32, 34, 40, 43, 45, 46, 49, 58, 59, 61, 62, 64, 65, 66], "excluded_lines": [], "executed_branches": [], "missing_branches": [[31, 32], [31, 34]]}, "check_version_update.parse_version": {"executed_lines": [], "summary": {"covered_lines": 0, "num_statements": 7, "percent_covered": 0.0, "percent_covered_display": "0.00", "missing_lines": 7, "excluded_lines": 0, "percent_statements_covered": 0.0, "percent_statements_covered_display": "0.00", "num_branches": 2, "num_partial_branches": 0, "covered_branches": 0, "missing_branches": 2, "percent_branches_covered": 0.0, "percent_branches_covered_display": "0.00"}, "missing_lines": [50, 51, 52, 53, 54, 55, 56], "excluded_lines": [], "executed_branches": [], "missing_branches": [[52, 53], [52, 54]]}, "NewsAnalyzer.__init__": {"executed_lines": [], "summary": {"covered_lines": 0, "num_statements": 18, "percent_covered": 0.0, "percent_covered_display": "0.00", "missing_lines": 18, "excluded_lines": 0, "percent_statements_covered": 0.0, "percent_statements_covered_display": "0.00", "num_branches": 2, "num_partial_branches": 0, "covered_branches": 0, "missing_branches": 2, "percent_branches_covered": 0.0, "percent_branches_covered_display": "0.00"}, "missing_lines": [106, 107, 108, 109, 110, 113, 115, 116, 117, 118, 119, 120, 121, 122, 123, 126, 128, 129], "excluded_lines": [], "executed_branches": [], "missing_branches": [[128, -104], [128, 129]]}, "NewsAnalyzer._init_storage_manager": {"executed_lines": [], "summary": {"covered_lines": 0, "num_statements": 8, "percent_covered": 0.0, "percent_covered_display": "0.00", "missing_lines": 8, "excluded_lines": 0, "percent_statements_covered": 0.0, "percent_statements_covered_display": "0.00", "num_branches": 4, "num_partial_branches": 0, "covered_branches": 0, "missing_branches": 4, "percent_branches_covered": 0.0, "percent_branches_covered_display": "0.00"}, "missing_lines": [134, 135, 137, 139, 140, 142, 143, 144], "excluded_lines": [], "executed_branches": [], "missing_branches": [[135, 137], [135, 139], [143, -131], [143, 144]]}, "NewsAnalyzer._detect_docker_environment": {"executed_lines": [], "summary": {"covered_lines": 0, "num_statements": 8, "percent_covered": 0.0, "percent_covered_display": "0.00", "missing_lines": 8, "excluded_lines": 0, "percent_statements_covered": 0.0, "percent_statements_covered_display": "0.00", "num_branches": 4, "num_partial_branches": 0, "covered_branches": 0, "missing_branches": 4, "percent_branches_covered": 0.0, "percent_branches_covered_display": "0.00"}, "missing_lines": [148, 149, 150, 152, 153, 155, 156, 157], "excluded_lines": [], "executed_branches": [], "missing_branches": [[149, 150], [149, 152], [152, 153], [152, 155]]}, "NewsAnalyzer._should_open_browser": {"executed_lines": [], "summary": {"covered_lines": 0, "num_statements": 1, "percent_covered": 0.0, "percent_covered_display": "0.00", "missing_lines": 1, "excluded_lines": 0, "percent_statements_covered": 0.0, "percent_statements_covered_display": "0.00", "num_branches": 0, "num_partial_branches": 0, "covered_branches": 0, "missing_branches": 0, "percent_branches_covered": 100.0, "percent_branches_covered_display": "100.00"}, "missing_lines": [161], "excluded_lines": [], "executed_branches": [], "missing_branches": []}, "NewsAnalyzer._setup_proxy": {"executed_lines": [], "summary": {"covered_lines": 0, "num_statements": 6, "percent_covered": 0.0, "percent_covered_display": "0.00", "missing_lines": 6, "excluded_lines": 0, "percent_statements_covered": 0.0, "percent_statements_covered_display": "0.00", "num_branches": 4, "num_partial_branches": 0, "covered_branches": 0, "missing_branches": 4, "percent_branches_covered": 0.0, "percent_branches_covered_display": "0.00"}, "missing_lines": [165, 166, 167, 168, 169, 171], "excluded_lines": [], "executed_branches": [], "missing_branches": [[165, 166], [165, 168], [168, 169], [168, 171]]}, "NewsAnalyzer._check_version_update": {"executed_lines": [], "summary": {"covered_lines": 0, "num_statements": 8, "percent_covered": 0.0, "percent_covered_display": "0.00", "missing_lines": 8, "excluded_lines": 0, "percent_statements_covered": 0.0, "percent_statements_covered_display": "0.00", "num_branches": 2, "num_partial_branches": 0, "covered_branches": 0, "missing_branches": 2, "percent_branches_covered": 0.0, "percent_branches_covered_display": "0.00"}, "missing_lines": [175, 176, 180, 181, 185, 187, 188, 189], "excluded_lines": [], "executed_branches": [], "missing_branches": [[180, 181], [180, 187]]}, "NewsAnalyzer._get_mode_strategy": {"executed_lines": [], "summary": {"covered_lines": 0, "num_statements": 1, "percent_covered": 0.0, "percent_covered_display": "0.00", "missing_lines": 1, "excluded_lines": 0, "percent_statements_covered": 0.0, "percent_statements_covered_display": "0.00", "num_branches": 0, "num_partial_branches": 0, "covered_branches": 0, "missing_branches": 0, "percent_branches_covered": 100.0, "percent_branches_covered_display": "100.00"}, "missing_lines": [193], "excluded_lines": [], "executed_branches": [], "missing_branches": []}, "NewsAnalyzer._has_notification_configured": {"executed_lines": [], "summary": {"covered_lines": 0, "num_statements": 2, "percent_covered": 0.0, "percent_covered_display": "0.00", "missing_lines": 2, "excluded_lines": 0, "percent_statements_covered": 0.0, "percent_statements_covered_display": "0.00", "num_branches": 0, "num_partial_branches": 0, "covered_branches": 0, "missing_branches": 0, "percent_branches_covered": 100.0, "percent_branches_covered_display": "100.00"}, "missing_lines": [197, 198], "excluded_lines": [], "executed_branches": [], "missing_branches": []}, "NewsAnalyzer._has_valid_content": {"executed_lines": [], "summary": {"covered_lines": 0, "num_statements": 9, "percent_covered": 0.0, "percent_covered_display": "0.00", "missing_lines": 9, "excluded_lines": 0, "percent_statements_covered": 0.0, "percent_statements_covered_display": "0.00", "num_branches": 4, "num_partial_branches": 0, "covered_branches": 0, "missing_branches": 4, "percent_branches_covered": 0.0, "percent_branches_covered_display": "0.00"}, "missing_lines": [219, 221, 224, 225, 226, 228, 231, 232, 235], "excluded_lines": [], "executed_branches": [], "missing_branches": [[219, 221], [219, 226], [226, 228], [226, 231]]}, "NewsAnalyzer._load_analysis_data": {"executed_lines": [], "summary": {"covered_lines": 0, "num_statements": 17, "percent_covered": 0.0, "percent_covered_display": "0.00", "missing_lines": 17, "excluded_lines": 0, "percent_statements_covered": 0.0, "percent_statements_covered_display": "0.00", "num_branches": 6, "num_partial_branches": 0, "covered_branches": 0, "missing_branches": 6, "percent_branches_covered": 0.0, "percent_branches_covered_display": "0.00"}, "missing_lines": [242, 244, 245, 246, 248, 252, 253, 254, 256, 257, 258, 260, 261, 263, 272, 273, 274], "excluded_lines": [], "executed_branches": [], "missing_branches": [[245, 246], [245, 248], [252, 253], [252, 256], [257, 258], [257, 260]]}, "NewsAnalyzer._prepare_current_title_info": {"executed_lines": [], "summary": {"covered_lines": 0, "num_statements": 9, "percent_covered": 0.0, "percent_covered_display": "0.00", "missing_lines": 9, "excluded_lines": 0, "percent_statements_covered": 0.0, "percent_statements_covered_display": "0.00", "num_branches": 4, "num_partial_branches": 0, "covered_branches": 0, "missing_branches": 4, "percent_branches_covered": 0.0, "percent_branches_covered_display": "0.00"}, "missing_lines": [278, 279, 280, 281, 282, 283, 284, 286, 294], "excluded_lines": [], "executed_branches": [], "missing_branches": [[279, 280], [279, 294], [281, 279], [281, 282]]}, "NewsAnalyzer._run_analysis_pipeline": {"executed_lines": [], "summary": {"covered_lines": 0, "num_statements": 8, "percent_covered": 0.0, "percent_covered_display": "0.00", "missing_lines": 8, "excluded_lines": 0, "percent_statements_covered": 0.0, "percent_statements_covered_display": "0.00", "num_branches": 4, "num_partial_branches": 0, "covered_branches": 0, "missing_branches": 4, "percent_branches_covered": 0.0, "percent_branches_covered_display": "0.00"}, "missing_lines": [315, 328, 329, 330, 337, 338, 339, 352], "excluded_lines": [], "executed_branches": [], "missing_branches": [[328, 329], [328, 337], [338, 339], [338, 352]]}, "NewsAnalyzer._send_notification_if_needed": {"executed_lines": [], "summary": {"covered_lines": 0, "num_statements": 55, "percent_covered": 0.0, "percent_covered_display": "0.00", "missing_lines": 55, "excluded_lines": 0, "percent_statements_covered": 0.0, "percent_statements_covered_display": "0.00", "num_branches": 32, "num_partial_branches": 0, "covered_branches": 0, "missing_branches": 32, "percent_branches_covered": 0.0, "percent_branches_covered_display": "0.00"}, "missing_lines": [367, 368, 371, 372, 373, 376, 377, 379, 385, 386, 387, 388, 389, 390, 391, 394, 395, 396, 397, 399, 400, 401, 404, 406, 407, 408, 409, 411, 414, 417, 420, 421, 432, 433, 434, 437, 442, 443, 445, 447, 448, 449, 450, 451, 456, 457, 458, 459, 462, 463, 464, 465, 467, 471, 475], "excluded_lines": [], "executed_branches": [], "missing_branches": [[379, 385], [379, 447], [386, 387], [386, 388], [388, 389], [388, 390], [394, 395], [394, 414], [399, 400], [399, 406], [406, 407], [406, 414], [407, 408], [407, 411], [432, 433], [432, 437], [437, 442], [437, 445], [447, 448], [447, 449], [449, 450], [449, 451], [451, 456], [451, 475], [457, 458], [457, 471], [458, 459], [458, 467], [462, 463], [462, 464], [464, 465], [464, 475]]}, "NewsAnalyzer._generate_summary_report": {"executed_lines": [], "summary": {"covered_lines": 0, "num_statements": 11, "percent_covered": 0.0, "percent_covered_display": "0.00", "missing_lines": 11, "excluded_lines": 0, "percent_statements_covered": 0.0, "percent_statements_covered_display": "0.00", "num_branches": 4, "num_partial_branches": 0, "covered_branches": 0, "missing_branches": 4, "percent_branches_covered": 0.0, "percent_branches_covered_display": "0.00"}, "missing_lines": [484, 487, 490, 491, 492, 494, 499, 513, 514, 517, 529], "excluded_lines": [], "executed_branches": [], "missing_branches": [[491, 492], [491, 494], [513, 514], [513, 517]]}, "NewsAnalyzer._generate_summary_html": {"executed_lines": [], "summary": {"covered_lines": 0, "num_statements": 10, "percent_covered": 0.0, "percent_covered_display": "0.00", "missing_lines": 10, "excluded_lines": 0, "percent_statements_covered": 0.0, "percent_statements_covered_display": "0.00", "num_branches": 4, "num_partial_branches": 0, "covered_branches": 0, "missing_branches": 4, "percent_branches_covered": 0.0, "percent_branches_covered_display": "0.00"}, "missing_lines": [538, 539, 542, 543, 544, 546, 551, 566, 567, 568], "excluded_lines": [], "executed_branches": [], "missing_branches": [[543, 544], [543, 546], [566, 567], [566, 568]]}, "NewsAnalyzer._initialize_and_check_config": {"executed_lines": [], "summary": {"covered_lines": 0, "num_statements": 14, "percent_covered": 0.0, "percent_covered_display": "0.00", "missing_lines": 14, "excluded_lines": 0, "percent_statements_covered": 0.0, "percent_statements_covered_display": "0.00", "num_branches": 6, "num_partial_branches": 0, "covered_branches": 0, "missing_branches": 6, "percent_branches_covered": 0.0, "percent_branches_covered_display": "0.00"}, "missing_lines": [572, 573, 575, 576, 577, 579, 580, 581, 582, 583, 585, 587, 588, 589], "excluded_lines": [], "executed_branches": [], "missing_branches": [[575, 576], [575, 579], [580, 581], [580, 582], [582, 583], [582, 585]]}, "NewsAnalyzer._crawl_data": {"executed_lines": [], "summary": {"covered_lines": 0, "num_statements": 21, "percent_covered": 0.0, "percent_covered_display": "0.00", "missing_lines": 21, "excluded_lines": 0, "percent_statements_covered": 0.0, "percent_statements_covered_display": "0.00", "num_branches": 10, "num_partial_branches": 0, "covered_branches": 0, "missing_branches": 10, "percent_branches_covered": 0.0, "percent_branches_covered_display": "0.00"}, "missing_lines": [593, 594, 595, 596, 598, 600, 603, 604, 606, 611, 612, 613, 618, 619, 622, 623, 624, 627, 628, 629, 631], "excluded_lines": [], "executed_branches": [], "missing_branches": [[594, 595], [594, 600], [595, 596], [595, 598], [618, 619], [618, 622], [623, 624], [623, 627], [627, 628], [627, 631]]}, "NewsAnalyzer._crawl_rss_data": {"executed_lines": [], "summary": {"covered_lines": 0, "num_statements": 49, "percent_covered": 0.0, "percent_covered_display": "0.00", "missing_lines": 49, "excluded_lines": 0, "percent_statements_covered": 0.0, "percent_statements_covered_display": "0.00", "num_branches": 16, "num_partial_branches": 0, "covered_branches": 0, "missing_branches": 16, "percent_branches_covered": 0.0, "percent_branches_covered_display": "0.00"}, "missing_lines": [643, 644, 646, 647, 648, 649, 651, 652, 655, 656, 658, 659, 660, 661, 662, 663, 664, 665, 666, 667, 668, 669, 670, 672, 680, 681, 683, 684, 685, 688, 690, 692, 694, 695, 696, 698, 710, 713, 714, 717, 719, 720, 722, 723, 724, 725, 726, 727, 728], "excluded_lines": [], "executed_branches": [], "missing_branches": [[643, 644], [643, 646], [647, 648], [647, 651], [656, 658], [656, 683], [660, 661], [660, 672], [663, 664], [663, 672], [680, 656], [680, 681], [683, 684], [683, 688], [713, 714], [713, 719]]}, "NewsAnalyzer._process_rss_data_by_mode": {"executed_lines": [], "summary": {"covered_lines": 0, "num_statements": 51, "percent_covered": 0.0, "percent_covered_display": "0.00", "missing_lines": 51, "excluded_lines": 0, "percent_statements_covered": 0.0, "percent_statements_covered_display": "0.00", "num_branches": 26, "num_partial_branches": 0, "covered_branches": 0, "missing_branches": 26, "percent_branches_covered": 0.0, "percent_branches_covered_display": "0.00"}, "missing_lines": [747, 749, 752, 753, 756, 757, 758, 759, 761, 762, 763, 765, 766, 769, 770, 771, 772, 773, 774, 777, 779, 780, 781, 783, 795, 796, 797, 799, 801, 802, 803, 804, 806, 807, 819, 820, 821, 824, 825, 840, 841, 842, 843, 845, 846, 858, 859, 860, 863, 864, 877], "excluded_lines": [], "executed_branches": [], "missing_branches": [[752, 753], [752, 756], [771, 772], [771, 777], [773, 774], [773, 777], [777, 779], [777, 799], [779, 780], [779, 783], [795, 796], [795, 877], [799, 801], [799, 840], [802, 803], [802, 806], [819, 820], [819, 824], [824, 825], [824, 877], [841, 842], [841, 845], [858, 859], [858, 863], [863, 864], [863, 877]]}, "NewsAnalyzer._convert_rss_items_to_list": {"executed_lines": [], "summary": {"covered_lines": 0, "num_statements": 29, "percent_covered": 0.0, "percent_covered_display": "0.00", "missing_lines": 29, "excluded_lines": 0, "percent_statements_covered": 0.0, "percent_statements_covered_display": "0.00", "num_branches": 16, "num_partial_branches": 0, "covered_branches": 0, "missing_branches": 16, "percent_branches_covered": 0.0, "percent_branches_covered_display": "0.00"}, "missing_lines": [881, 882, 885, 886, 887, 888, 889, 892, 893, 894, 895, 896, 897, 898, 899, 900, 902, 904, 905, 906, 908, 910, 911, 912, 913, 915, 926, 927, 929], "excluded_lines": [], "executed_branches": [], "missing_branches": [[893, 894], [893, 902], [896, 893], [896, 897], [902, 904], [902, 926], [905, 906], [905, 908], [908, 902], [908, 910], [910, 911], [910, 915], [911, 912], [911, 915], [926, 927], [926, 929]]}, "NewsAnalyzer._filter_rss_by_keywords": {"executed_lines": [], "summary": {"covered_lines": 0, "num_statements": 18, "percent_covered": 0.0, "percent_covered_display": "0.00", "missing_lines": 18, "excluded_lines": 0, "percent_statements_covered": 0.0, "percent_statements_covered_display": "0.00", "num_branches": 8, "num_partial_branches": 0, "covered_branches": 0, "missing_branches": 8, "percent_branches_covered": 0.0, "percent_branches_covered_display": "0.00"}, "missing_lines": [933, 934, 935, 936, 937, 938, 939, 940, 941, 943, 944, 945, 947, 948, 949, 950, 952, 953], "excluded_lines": [], "executed_branches": [], "missing_branches": [[935, 936], [935, 953], [938, 939], [938, 943], [940, 938], [940, 941], [947, 948], [947, 953]]}, "NewsAnalyzer._process_rss_report_and_notification": {"executed_lines": [], "summary": {"covered_lines": 0, "num_statements": 1, "percent_covered": 0.0, "percent_covered_display": "0.00", "missing_lines": 1, "excluded_lines": 0, "percent_statements_covered": 0.0, "percent_statements_covered_display": "0.00", "num_branches": 0, "num_partial_branches": 0, "covered_branches": 0, "missing_branches": 0, "percent_branches_covered": 100.0, "percent_branches_covered_display": "100.00"}, "missing_lines": [959], "excluded_lines": [], "executed_branches": [], "missing_branches": []}, "NewsAnalyzer._generate_rss_html_report": {"executed_lines": [], "summary": {"covered_lines": 0, "num_statements": 16, "percent_covered": 0.0, "percent_covered_display": "0.00", "missing_lines": 16, "excluded_lines": 0, "percent_statements_covered": 0.0, "percent_statements_covered_display": "0.00", "num_branches": 0, "num_partial_branches": 0, "covered_branches": 0, "missing_branches": 0, "percent_branches_covered": 100.0, "percent_branches_covered_display": "100.00"}, "missing_lines": [963, 964, 965, 967, 975, 976, 977, 978, 980, 981, 982, 984, 985, 987, 988, 989], "excluded_lines": [], "executed_branches": [], "missing_branches": []}, "NewsAnalyzer._execute_mode_strategy": {"executed_lines": [], "summary": {"covered_lines": 0, "num_statements": 45, "percent_covered": 0.0, "percent_covered_display": "0.00", "missing_lines": 45, "excluded_lines": 0, "percent_statements_covered": 0.0, "percent_statements_covered_display": "0.00", "num_branches": 26, "num_partial_branches": 0, "covered_branches": 0, "missing_branches": 26, "percent_branches_covered": 0.0, "percent_branches_covered_display": "0.00"}, "missing_lines": [998, 1000, 1001, 1002, 1003, 1004, 1007, 1009, 1010, 1011, 1021, 1025, 1039, 1041, 1042, 1045, 1046, 1047, 1059, 1060, 1062, 1063, 1076, 1077, 1080, 1081, 1082, 1095, 1096, 1097, 1099, 1106, 1111, 1112, 1113, 1114, 1115, 1117, 1118, 1119, 1120, 1121, 1122, 1124, 1126], "excluded_lines": [], "executed_branches": [], "missing_branches": [[1002, 1003], [1002, 1004], [1007, 1009], [1007, 1062], [1010, 1011], [1010, 1059], [1041, 1042], [1041, 1045], [1046, 1047], [1046, 1095], [1076, 1077], [1076, 1080], [1081, 1082], [1081, 1095], [1096, 1097], [1096, 1111], [1097, 1099], [1097, 1106], [1111, 1112], [1111, 1120], [1112, 1113], [1112, 1117], [1120, 1121], [1120, 1126], [1121, 1122], [1121, 1124]]}, "NewsAnalyzer.run": {"executed_lines": [], "summary": {"covered_lines": 0, "num_statements": 10, "percent_covered": 0.0, "percent_covered_display": "0.00", "missing_lines": 10, "excluded_lines": 0, "percent_statements_covered": 0.0, "percent_statements_covered_display": "0.00", "num_branches": 0, "num_partial_branches": 0, "covered_branches": 0, "missing_branches": 0, "percent_branches_covered": 100.0, "percent_branches_covered_display": "100.00"}, "missing_lines": [1130, 1131, 1133, 1136, 1139, 1142, 1147, 1148, 1149, 1152], "excluded_lines": [], "executed_branches": [], "missing_branches": []}, "main": {"executed_lines": [], "summary": {"covered_lines": 0, "num_statements": 12, "percent_covered": 0.0, "percent_covered_display": "0.00", "missing_lines": 12, "excluded_lines": 0, "percent_statements_covered": 0.0, "percent_statements_covered_display": "0.00", "num_branches": 0, "num_partial_branches": 0, "covered_branches": 0, "missing_branches": 0, "percent_branches_covered": 100.0, "percent_branches_covered_display": "100.00"}, "missing_lines": [1157, 1158, 1159, 1160, 1161, 1162, 1163, 1164, 1165, 1166, 1167, 1168], "excluded_lines": [], "executed_branches": [], "missing_branches": []}, "": {"executed_lines": [], "summary": {"covered_lines": 0, "num_statements": 41, "percent_covered": 0.0, "percent_covered_display": "0.00", "missing_lines": 41, "excluded_lines": 2, "percent_statements_covered": 0.0, "percent_statements_covered_display": "0.00", "num_branches": 0, "num_partial_branches": 0, "covered_branches": 0, "missing_branches": 0, "percent_branches_covered": 100.0, "percent_branches_covered_display": "100.00"}, "missing_lines": [9, 10, 11, 12, 14, 16, 17, 18, 19, 20, 21, 22, 25, 70, 74, 104, 131, 146, 159, 163, 173, 191, 195, 215, 237, 276, 296, 354, 477, 531, 570, 591, 633, 730, 879, 931, 955, 961, 991, 1128, 1155], "excluded_lines": [1171, 1172], "executed_branches": [], "missing_branches": []}}, "classes": {"NewsAnalyzer": {"executed_lines": [], "summary": {"covered_lines": 0, "num_statements": 425, "percent_covered": 0.0, "percent_covered_display": "0.00", "missing_lines": 425, "excluded_lines": 0, "percent_statements_covered": 0.0, "percent_statements_covered_display": "0.00", "num_branches": 182, "num_partial_branches": 0, "covered_branches": 0, "missing_branches": 182, "percent_branches_covered": 0.0, "percent_branches_covered_display": "0.00"}, "missing_lines": [106, 107, 108, 109, 110, 113, 115, 116, 117, 118, 119, 120, 121, 122, 123, 126, 128, 129, 134, 135, 137, 139, 140, 142, 143, 144, 148, 149, 150, 152, 153, 155, 156, 157, 161, 165, 166, 167, 168, 169, 171, 175, 176, 180, 181, 185, 187, 188, 189, 193, 197, 198, 219, 221, 224, 225, 226, 228, 231, 232, 235, 242, 244, 245, 246, 248, 252, 253, 254, 256, 257, 258, 260, 261, 263, 272, 273, 274, 278, 279, 280, 281, 282, 283, 284, 286, 294, 315, 328, 329, 330, 337, 338, 339, 352, 367, 368, 371, 372, 373, 376, 377, 379, 385, 386, 387, 388, 389, 390, 391, 394, 395, 396, 397, 399, 400, 401, 404, 406, 407, 408, 409, 411, 414, 417, 420, 421, 432, 433, 434, 437, 442, 443, 445, 447, 448, 449, 450, 451, 456, 457, 458, 459, 462, 463, 464, 465, 467, 471, 475, 484, 487, 490, 491, 492, 494, 499, 513, 514, 517, 529, 538, 539, 542, 543, 544, 546, 551, 566, 567, 568, 572, 573, 575, 576, 577, 579, 580, 581, 582, 583, 585, 587, 588, 589, 593, 594, 595, 596, 598, 600, 603, 604, 606, 611, 612, 613, 618, 619, 622, 623, 624, 627, 628, 629, 631, 643, 644, 646, 647, 648, 649, 651, 652, 655, 656, 658, 659, 660, 661, 662, 663, 664, 665, 666, 667, 668, 669, 670, 672, 680, 681, 683, 684, 685, 688, 690, 692, 694, 695, 696, 698, 710, 713, 714, 717, 719, 720, 722, 723, 724, 725, 726, 727, 728, 747, 749, 752, 753, 756, 757, 758, 759, 761, 762, 763, 765, 766, 769, 770, 771, 772, 773, 774, 777, 779, 780, 781, 783, 795, 796, 797, 799, 801, 802, 803, 804, 806, 807, 819, 820, 821, 824, 825, 840, 841, 842, 843, 845, 846, 858, 859, 860, 863, 864, 877, 881, 882, 885, 886, 887, 888, 889, 892, 893, 894, 895, 896, 897, 898, 899, 900, 902, 904, 905, 906, 908, 910, 911, 912, 913, 915, 926, 927, 929, 933, 934, 935, 936, 937, 938, 939, 940, 941, 943, 944, 945, 947, 948, 949, 950, 952, 953, 959, 963, 964, 965, 967, 975, 976, 977, 978, 980, 981, 982, 984, 985, 987, 988, 989, 998, 1000, 1001, 1002, 1003, 1004, 1007, 1009, 1010, 1011, 1021, 1025, 1039, 1041, 1042, 1045, 1046, 1047, 1059, 1060, 1062, 1063, 1076, 1077, 1080, 1081, 1082, 1095, 1096, 1097, 1099, 1106, 1111, 1112, 1113, 1114, 1115, 1117, 1118, 1119, 1120, 1121, 1122, 1124, 1126, 1130, 1131, 1133, 1136, 1139, 1142, 1147, 1148, 1149, 1152], "excluded_lines": [], "executed_branches": [], "missing_branches": [[128, -104], [128, 129], [135, 137], [135, 139], [143, -131], [143, 144], [149, 150], [149, 152], [152, 153], [152, 155], [165, 166], [165, 168], [168, 169], [168, 171], [180, 181], [180, 187], [219, 221], [219, 226], [226, 228], [226, 231], [245, 246], [245, 248], [252, 253], [252, 256], [257, 258], [257, 260], [279, 280], [279, 294], [281, 279], [281, 282], [328, 329], [328, 337], [338, 339], [338, 352], [379, 385], [379, 447], [386, 387], [386, 388], [388, 389], [388, 390], [394, 395], [394, 414], [399, 400], [399, 406], [406, 407], [406, 414], [407, 408], [407, 411], [432, 433], [432, 437], [437, 442], [437, 445], [447, 448], [447, 449], [449, 450], [449, 451], [451, 456], [451, 475], [457, 458], [457, 471], [458, 459], [458, 467], [462, 463], [462, 464], [464, 465], [464, 475], [491, 492], [491, 494], [513, 514], [513, 517], [543, 544], [543, 546], [566, 567], [566, 568], [575, 576], [575, 579], [580, 581], [580, 582], [582, 583], [582, 585], [594, 595], [594, 600], [595, 596], [595, 598], [618, 619], [618, 622], [623, 624], [623, 627], [627, 628], [627, 631], [643, 644], [643, 646], [647, 648], [647, 651], [656, 658], [656, 683], [660, 661], [660, 672], [663, 664], [663, 672], [680, 656], [680, 681], [683, 684], [683, 688], [713, 714], [713, 719], [752, 753], [752, 756], [771, 772], [771, 777], [773, 774], [773, 777], [777, 779], [777, 799], [779, 780], [779, 783], [795, 796], [795, 877], [799, 801], [799, 840], [802, 803], [802, 806], [819, 820], [819, 824], [824, 825], [824, 877], [841, 842], [841, 845], [858, 859], [858, 863], [863, 864], [863, 877], [893, 894], [893, 902], [896, 893], [896, 897], [902, 904], [902, 926], [905, 906], [905, 908], [908, 902], [908, 910], [910, 911], [910, 915], [911, 912], [911, 915], [926, 927], [926, 929], [935, 936], [935, 953], [938, 939], [938, 943], [940, 938], [940, 941], [947, 948], [947, 953], [1002, 1003], [1002, 1004], [1007, 1009], [1007, 1062], [1010, 1011], [1010, 1059], [1041, 1042], [1041, 1045], [1046, 1047], [1046, 1095], [1076, 1077], [1076, 1080], [1081, 1082], [1081, 1095], [1096, 1097], [1096, 1111], [1097, 1099], [1097, 1106], [1111, 1112], [1111, 1120], [1112, 1113], [1112, 1117], [1120, 1121], [1120, 1126], [1121, 1122], [1121, 1124]]}, "": {"executed_lines": [], "summary": {"covered_lines": 0, "num_statements": 77, "percent_covered": 0.0, "percent_covered_display": "0.00", "missing_lines": 77, "excluded_lines": 2, "percent_statements_covered": 0.0, "percent_statements_covered_display": "0.00", "num_branches": 4, "num_partial_branches": 0, "covered_branches": 0, "missing_branches": 4, "percent_branches_covered": 0.0, "percent_branches_covered_display": "0.00"}, "missing_lines": [9, 10, 11, 12, 14, 16, 17, 18, 19, 20, 21, 22, 25, 29, 30, 31, 32, 34, 40, 43, 45, 46, 49, 50, 51, 52, 53, 54, 55, 56, 58, 59, 61, 62, 64, 65, 66, 70, 74, 104, 131, 146, 159, 163, 173, 191, 195, 215, 237, 276, 296, 354, 477, 531, 570, 591, 633, 730, 879, 931, 955, 961, 991, 1128, 1155, 1157, 1158, 1159, 1160, 1161, 1162, 1163, 1164, 1165, 1166, 1167, 1168], "excluded_lines": [1171, 1172], "executed_branches": [], "missing_branches": [[31, 32], [31, 34], [52, 53], [52, 54]]}}}, "trendradar/context.py": {"executed_lines": [2, 8, 9, 10, 12, 14, 21, 30, 36, 43, 46, 47, 68, 80, 81, 85, 86, 90, 91, 95, 96, 100, 101, 105, 106, 110, 111, 115, 116, 120, 121, 127, 131, 135, 139, 143, 144, 150, 178, 186, 191, 197, 203, 209, 215, 227, 260, 280, 314, 340, 356, 371, 417, 425, 434], "summary": {"covered_lines": 53, "num_statements": 99, "percent_covered": 51.45631067961165, "percent_covered_display": "51.46", "missing_lines": 46, "excluded_lines": 0, "percent_statements_covered": 53.535353535353536, "percent_statements_covered_display": "53.54", "num_branches": 4, "num_partial_branches": 0, "covered_branches": 0, "missing_branches": 4, "percent_branches_covered": 0.0, "percent_branches_covered_display": "0.00"}, "missing_lines": [75, 76, 83, 88, 93, 98, 103, 108, 113, 118, 123, 129, 133, 137, 141, 146, 152, 153, 154, 155, 156, 158, 176, 180, 181, 182, 188, 189, 195, 201, 205, 213, 223, 240, 269, 294, 325, 347, 363, 395, 419, 427, 436, 437, 438, 439], "excluded_lines": [], "executed_branches": [], "missing_branches": [[152, 153], [152, 176], [436, -434], [436, 437]], "functions": {"AppContext.__init__": {"executed_lines": [], "summary": {"covered_lines": 0, "num_statements": 2, "percent_covered": 0.0, "percent_covered_display": "0.00", "missing_lines": 2, "excluded_lines": 0, "percent_statements_covered": 0.0, "percent_statements_covered_display": "0.00", "num_branches": 0, "num_partial_branches": 0, "covered_branches": 0, "missing_branches": 0, "percent_branches_covered": 100.0, "percent_branches_covered_display": "100.00"}, "missing_lines": [75, 76], "excluded_lines": [], "executed_branches": [], "missing_branches": []}, "AppContext.timezone": {"executed_lines": [], "summary": {"covered_lines": 0, "num_statements": 1, "percent_covered": 0.0, "percent_covered_display": "0.00", "missing_lines": 1, "excluded_lines": 0, "percent_statements_covered": 0.0, "percent_statements_covered_display": "0.00", "num_branches": 0, "num_partial_branches": 0, "covered_branches": 0, "missing_branches": 0, "percent_branches_covered": 100.0, "percent_branches_covered_display": "100.00"}, "missing_lines": [83], "excluded_lines": [], "executed_branches": [], "missing_branches": []}, "AppContext.rank_threshold": {"executed_lines": [], "summary": {"covered_lines": 0, "num_statements": 1, "percent_covered": 0.0, "percent_covered_display": "0.00", "missing_lines": 1, "excluded_lines": 0, "percent_statements_covered": 0.0, "percent_statements_covered_display": "0.00", "num_branches": 0, "num_partial_branches": 0, "covered_branches": 0, "missing_branches": 0, "percent_branches_covered": 100.0, "percent_branches_covered_display": "100.00"}, "missing_lines": [88], "excluded_lines": [], "executed_branches": [], "missing_branches": []}, "AppContext.weight_config": {"executed_lines": [], "summary": {"covered_lines": 0, "num_statements": 1, "percent_covered": 0.0, "percent_covered_display": "0.00", "missing_lines": 1, "excluded_lines": 0, "percent_statements_covered": 0.0, "percent_statements_covered_display": "0.00", "num_branches": 0, "num_partial_branches": 0, "covered_branches": 0, "missing_branches": 0, "percent_branches_covered": 100.0, "percent_branches_covered_display": "100.00"}, "missing_lines": [93], "excluded_lines": [], "executed_branches": [], "missing_branches": []}, "AppContext.platforms": {"executed_lines": [], "summary": {"covered_lines": 0, "num_statements": 1, "percent_covered": 0.0, "percent_covered_display": "0.00", "missing_lines": 1, "excluded_lines": 0, "percent_statements_covered": 0.0, "percent_statements_covered_display": "0.00", "num_branches": 0, "num_partial_branches": 0, "covered_branches": 0, "missing_branches": 0, "percent_branches_covered": 100.0, "percent_branches_covered_display": "100.00"}, "missing_lines": [98], "excluded_lines": [], "executed_branches": [], "missing_branches": []}, "AppContext.platform_ids": {"executed_lines": [], "summary": {"covered_lines": 0, "num_statements": 1, "percent_covered": 0.0, "percent_covered_display": "0.00", "missing_lines": 1, "excluded_lines": 0, "percent_statements_covered": 0.0, "percent_statements_covered_display": "0.00", "num_branches": 0, "num_partial_branches": 0, "covered_branches": 0, "missing_branches": 0, "percent_branches_covered": 100.0, "percent_branches_covered_display": "100.00"}, "missing_lines": [103], "excluded_lines": [], "executed_branches": [], "missing_branches": []}, "AppContext.rss_config": {"executed_lines": [], "summary": {"covered_lines": 0, "num_statements": 1, "percent_covered": 0.0, "percent_covered_display": "0.00", "missing_lines": 1, "excluded_lines": 0, "percent_statements_covered": 0.0, "percent_statements_covered_display": "0.00", "num_branches": 0, "num_partial_branches": 0, "covered_branches": 0, "missing_branches": 0, "percent_branches_covered": 100.0, "percent_branches_covered_display": "100.00"}, "missing_lines": [108], "excluded_lines": [], "executed_branches": [], "missing_branches": []}, "AppContext.rss_enabled": {"executed_lines": [], "summary": {"covered_lines": 0, "num_statements": 1, "percent_covered": 0.0, "percent_covered_display": "0.00", "missing_lines": 1, "excluded_lines": 0, "percent_statements_covered": 0.0, "percent_statements_covered_display": "0.00", "num_branches": 0, "num_partial_branches": 0, "covered_branches": 0, "missing_branches": 0, "percent_branches_covered": 100.0, "percent_branches_covered_display": "100.00"}, "missing_lines": [113], "excluded_lines": [], "executed_branches": [], "missing_branches": []}, "AppContext.rss_feeds": {"executed_lines": [], "summary": {"covered_lines": 0, "num_statements": 1, "percent_covered": 0.0, "percent_covered_display": "0.00", "missing_lines": 1, "excluded_lines": 0, "percent_statements_covered": 0.0, "percent_statements_covered_display": "0.00", "num_branches": 0, "num_partial_branches": 0, "covered_branches": 0, "missing_branches": 0, "percent_branches_covered": 100.0, "percent_branches_covered_display": "100.00"}, "missing_lines": [118], "excluded_lines": [], "executed_branches": [], "missing_branches": []}, "AppContext.display_mode": {"executed_lines": [], "summary": {"covered_lines": 0, "num_statements": 1, "percent_covered": 0.0, "percent_covered_display": "0.00", "missing_lines": 1, "excluded_lines": 0, "percent_statements_covered": 0.0, "percent_statements_covered_display": "0.00", "num_branches": 0, "num_partial_branches": 0, "covered_branches": 0, "missing_branches": 0, "percent_branches_covered": 100.0, "percent_branches_covered_display": "100.00"}, "missing_lines": [123], "excluded_lines": [], "executed_branches": [], "missing_branches": []}, "AppContext.get_time": {"executed_lines": [], "summary": {"covered_lines": 0, "num_statements": 1, "percent_covered": 0.0, "percent_covered_display": "0.00", "missing_lines": 1, "excluded_lines": 0, "percent_statements_covered": 0.0, "percent_statements_covered_display": "0.00", "num_branches": 0, "num_partial_branches": 0, "covered_branches": 0, "missing_branches": 0, "percent_branches_covered": 100.0, "percent_branches_covered_display": "100.00"}, "missing_lines": [129], "excluded_lines": [], "executed_branches": [], "missing_branches": []}, "AppContext.format_date": {"executed_lines": [], "summary": {"covered_lines": 0, "num_statements": 1, "percent_covered": 0.0, "percent_covered_display": "0.00", "missing_lines": 1, "excluded_lines": 0, "percent_statements_covered": 0.0, "percent_statements_covered_display": "0.00", "num_branches": 0, "num_partial_branches": 0, "covered_branches": 0, "missing_branches": 0, "percent_branches_covered": 100.0, "percent_branches_covered_display": "100.00"}, "missing_lines": [133], "excluded_lines": [], "executed_branches": [], "missing_branches": []}, "AppContext.format_time": {"executed_lines": [], "summary": {"covered_lines": 0, "num_statements": 1, "percent_covered": 0.0, "percent_covered_display": "0.00", "missing_lines": 1, "excluded_lines": 0, "percent_statements_covered": 0.0, "percent_statements_covered_display": "0.00", "num_branches": 0, "num_partial_branches": 0, "covered_branches": 0, "missing_branches": 0, "percent_branches_covered": 100.0, "percent_branches_covered_display": "100.00"}, "missing_lines": [137], "excluded_lines": [], "executed_branches": [], "missing_branches": []}, "AppContext.get_time_display": {"executed_lines": [], "summary": {"covered_lines": 0, "num_statements": 1, "percent_covered": 0.0, "percent_covered_display": "0.00", "missing_lines": 1, "excluded_lines": 0, "percent_statements_covered": 0.0, "percent_statements_covered_display": "0.00", "num_branches": 0, "num_partial_branches": 0, "covered_branches": 0, "missing_branches": 0, "percent_branches_covered": 100.0, "percent_branches_covered_display": "100.00"}, "missing_lines": [141], "excluded_lines": [], "executed_branches": [], "missing_branches": []}, "AppContext.convert_time_display": {"executed_lines": [], "summary": {"covered_lines": 0, "num_statements": 1, "percent_covered": 0.0, "percent_covered_display": "0.00", "missing_lines": 1, "excluded_lines": 0, "percent_statements_covered": 0.0, "percent_statements_covered_display": "0.00", "num_branches": 0, "num_partial_branches": 0, "covered_branches": 0, "missing_branches": 0, "percent_branches_covered": 100.0, "percent_branches_covered_display": "100.00"}, "missing_lines": [146], "excluded_lines": [], "executed_branches": [], "missing_branches": []}, "AppContext.get_storage_manager": {"executed_lines": [], "summary": {"covered_lines": 0, "num_statements": 7, "percent_covered": 0.0, "percent_covered_display": "0.00", "missing_lines": 7, "excluded_lines": 0, "percent_statements_covered": 0.0, "percent_statements_covered_display": "0.00", "num_branches": 2, "num_partial_branches": 0, "covered_branches": 0, "missing_branches": 2, "percent_branches_covered": 0.0, "percent_branches_covered_display": "0.00"}, "missing_lines": [152, 153, 154, 155, 156, 158, 176], "excluded_lines": [], "executed_branches": [], "missing_branches": [[152, 153], [152, 176]]}, "AppContext.get_output_path": {"executed_lines": [], "summary": {"covered_lines": 0, "num_statements": 3, "percent_covered": 0.0, "percent_covered_display": "0.00", "missing_lines": 3, "excluded_lines": 0, "percent_statements_covered": 0.0, "percent_statements_covered_display": "0.00", "num_branches": 0, "num_partial_branches": 0, "covered_branches": 0, "missing_branches": 0, "percent_branches_covered": 100.0, "percent_branches_covered_display": "100.00"}, "missing_lines": [180, 181, 182], "excluded_lines": [], "executed_branches": [], "missing_branches": []}, "AppContext.save_titles": {"executed_lines": [], "summary": {"covered_lines": 0, "num_statements": 2, "percent_covered": 0.0, "percent_covered_display": "0.00", "missing_lines": 2, "excluded_lines": 0, "percent_statements_covered": 0.0, "percent_statements_covered_display": "0.00", "num_branches": 0, "num_partial_branches": 0, "covered_branches": 0, "missing_branches": 0, "percent_branches_covered": 100.0, "percent_branches_covered_display": "100.00"}, "missing_lines": [188, 189], "excluded_lines": [], "executed_branches": [], "missing_branches": []}, "AppContext.read_today_titles": {"executed_lines": [], "summary": {"covered_lines": 0, "num_statements": 1, "percent_covered": 0.0, "percent_covered_display": "0.00", "missing_lines": 1, "excluded_lines": 0, "percent_statements_covered": 0.0, "percent_statements_covered_display": "0.00", "num_branches": 0, "num_partial_branches": 0, "covered_branches": 0, "missing_branches": 0, "percent_branches_covered": 100.0, "percent_branches_covered_display": "100.00"}, "missing_lines": [195], "excluded_lines": [], "executed_branches": [], "missing_branches": []}, "AppContext.detect_new_titles": {"executed_lines": [], "summary": {"covered_lines": 0, "num_statements": 1, "percent_covered": 0.0, "percent_covered_display": "0.00", "missing_lines": 1, "excluded_lines": 0, "percent_statements_covered": 0.0, "percent_statements_covered_display": "0.00", "num_branches": 0, "num_partial_branches": 0, "covered_branches": 0, "missing_branches": 0, "percent_branches_covered": 100.0, "percent_branches_covered_display": "100.00"}, "missing_lines": [201], "excluded_lines": [], "executed_branches": [], "missing_branches": []}, "AppContext.is_first_crawl": {"executed_lines": [], "summary": {"covered_lines": 0, "num_statements": 1, "percent_covered": 0.0, "percent_covered_display": "0.00", "missing_lines": 1, "excluded_lines": 0, "percent_statements_covered": 0.0, "percent_statements_covered_display": "0.00", "num_branches": 0, "num_partial_branches": 0, "covered_branches": 0, "missing_branches": 0, "percent_branches_covered": 100.0, "percent_branches_covered_display": "100.00"}, "missing_lines": [205], "excluded_lines": [], "executed_branches": [], "missing_branches": []}, "AppContext.load_frequency_words": {"executed_lines": [], "summary": {"covered_lines": 0, "num_statements": 1, "percent_covered": 0.0, "percent_covered_display": "0.00", "missing_lines": 1, "excluded_lines": 0, "percent_statements_covered": 0.0, "percent_statements_covered_display": "0.00", "num_branches": 0, "num_partial_branches": 0, "covered_branches": 0, "missing_branches": 0, "percent_branches_covered": 100.0, "percent_branches_covered_display": "100.00"}, "missing_lines": [213], "excluded_lines": [], "executed_branches": [], "missing_branches": []}, "AppContext.matches_word_groups": {"executed_lines": [], "summary": {"covered_lines": 0, "num_statements": 1, "percent_covered": 0.0, "percent_covered_display": "0.00", "missing_lines": 1, "excluded_lines": 0, "percent_statements_covered": 0.0, "percent_statements_covered_display": "0.00", "num_branches": 0, "num_partial_branches": 0, "covered_branches": 0, "missing_branches": 0, "percent_branches_covered": 100.0, "percent_branches_covered_display": "100.00"}, "missing_lines": [223], "excluded_lines": [], "executed_branches": [], "missing_branches": []}, "AppContext.count_frequency": {"executed_lines": [], "summary": {"covered_lines": 0, "num_statements": 1, "percent_covered": 0.0, "percent_covered_display": "0.00", "missing_lines": 1, "excluded_lines": 0, "percent_statements_covered": 0.0, "percent_statements_covered_display": "0.00", "num_branches": 0, "num_partial_branches": 0, "covered_branches": 0, "missing_branches": 0, "percent_branches_covered": 100.0, "percent_branches_covered_display": "100.00"}, "missing_lines": [240], "excluded_lines": [], "executed_branches": [], "missing_branches": []}, "AppContext.prepare_report": {"executed_lines": [], "summary": {"covered_lines": 0, "num_statements": 1, "percent_covered": 0.0, "percent_covered_display": "0.00", "missing_lines": 1, "excluded_lines": 0, "percent_statements_covered": 0.0, "percent_statements_covered_display": "0.00", "num_branches": 0, "num_partial_branches": 0, "covered_branches": 0, "missing_branches": 0, "percent_branches_covered": 100.0, "percent_branches_covered_display": "100.00"}, "missing_lines": [269], "excluded_lines": [], "executed_branches": [], "missing_branches": []}, "AppContext.generate_html": {"executed_lines": [], "summary": {"covered_lines": 0, "num_statements": 1, "percent_covered": 0.0, "percent_covered_display": "0.00", "missing_lines": 1, "excluded_lines": 0, "percent_statements_covered": 0.0, "percent_statements_covered_display": "0.00", "num_branches": 0, "num_partial_branches": 0, "covered_branches": 0, "missing_branches": 0, "percent_branches_covered": 100.0, "percent_branches_covered_display": "100.00"}, "missing_lines": [294], "excluded_lines": [], "executed_branches": [], "missing_branches": []}, "AppContext.render_html": {"executed_lines": [], "summary": {"covered_lines": 0, "num_statements": 1, "percent_covered": 0.0, "percent_covered_display": "0.00", "missing_lines": 1, "excluded_lines": 0, "percent_statements_covered": 0.0, "percent_statements_covered_display": "0.00", "num_branches": 0, "num_partial_branches": 0, "covered_branches": 0, "missing_branches": 0, "percent_branches_covered": 100.0, "percent_branches_covered_display": "100.00"}, "missing_lines": [325], "excluded_lines": [], "executed_branches": [], "missing_branches": []}, "AppContext.render_feishu": {"executed_lines": [], "summary": {"covered_lines": 0, "num_statements": 1, "percent_covered": 0.0, "percent_covered_display": "0.00", "missing_lines": 1, "excluded_lines": 0, "percent_statements_covered": 0.0, "percent_statements_covered_display": "0.00", "num_branches": 0, "num_partial_branches": 0, "covered_branches": 0, "missing_branches": 0, "percent_branches_covered": 100.0, "percent_branches_covered_display": "100.00"}, "missing_lines": [347], "excluded_lines": [], "executed_branches": [], "missing_branches": []}, "AppContext.render_dingtalk": {"executed_lines": [], "summary": {"covered_lines": 0, "num_statements": 1, "percent_covered": 0.0, "percent_covered_display": "0.00", "missing_lines": 1, "excluded_lines": 0, "percent_statements_covered": 0.0, "percent_statements_covered_display": "0.00", "num_branches": 0, "num_partial_branches": 0, "covered_branches": 0, "missing_branches": 0, "percent_branches_covered": 100.0, "percent_branches_covered_display": "100.00"}, "missing_lines": [363], "excluded_lines": [], "executed_branches": [], "missing_branches": []}, "AppContext.split_content": {"executed_lines": [], "summary": {"covered_lines": 0, "num_statements": 1, "percent_covered": 0.0, "percent_covered_display": "0.00", "missing_lines": 1, "excluded_lines": 0, "percent_statements_covered": 0.0, "percent_statements_covered_display": "0.00", "num_branches": 0, "num_partial_branches": 0, "covered_branches": 0, "missing_branches": 0, "percent_branches_covered": 100.0, "percent_branches_covered_display": "100.00"}, "missing_lines": [395], "excluded_lines": [], "executed_branches": [], "missing_branches": []}, "AppContext.create_notification_dispatcher": {"executed_lines": [], "summary": {"covered_lines": 0, "num_statements": 1, "percent_covered": 0.0, "percent_covered_display": "0.00", "missing_lines": 1, "excluded_lines": 0, "percent_statements_covered": 0.0, "percent_statements_covered_display": "0.00", "num_branches": 0, "num_partial_branches": 0, "covered_branches": 0, "missing_branches": 0, "percent_branches_covered": 100.0, "percent_branches_covered_display": "100.00"}, "missing_lines": [419], "excluded_lines": [], "executed_branches": [], "missing_branches": []}, "AppContext.create_push_manager": {"executed_lines": [], "summary": {"covered_lines": 0, "num_statements": 1, "percent_covered": 0.0, "percent_covered_display": "0.00", "missing_lines": 1, "excluded_lines": 0, "percent_statements_covered": 0.0, "percent_statements_covered_display": "0.00", "num_branches": 0, "num_partial_branches": 0, "covered_branches": 0, "missing_branches": 0, "percent_branches_covered": 100.0, "percent_branches_covered_display": "100.00"}, "missing_lines": [427], "excluded_lines": [], "executed_branches": [], "missing_branches": []}, "AppContext.cleanup": {"executed_lines": [], "summary": {"covered_lines": 0, "num_statements": 4, "percent_covered": 0.0, "percent_covered_display": "0.00", "missing_lines": 4, "excluded_lines": 0, "percent_statements_covered": 0.0, "percent_statements_covered_display": "0.00", "num_branches": 2, "num_partial_branches": 0, "covered_branches": 0, "missing_branches": 2, "percent_branches_covered": 0.0, "percent_branches_covered_display": "0.00"}, "missing_lines": [436, 437, 438, 439], "excluded_lines": [], "executed_branches": [], "missing_branches": [[436, -434], [436, 437]]}, "": {"executed_lines": [2, 8, 9, 10, 12, 14, 21, 30, 36, 43, 46, 47, 68, 80, 81, 85, 86, 90, 91, 95, 96, 100, 101, 105, 106, 110, 111, 115, 116, 120, 121, 127, 131, 135, 139, 143, 144, 150, 178, 186, 191, 197, 203, 209, 215, 227, 260, 280, 314, 340, 356, 371, 417, 425, 434], "summary": {"covered_lines": 53, "num_statements": 53, "percent_covered": 100.0, "percent_covered_display": "100.00", "missing_lines": 0, "excluded_lines": 0, "percent_statements_covered": 100.0, "percent_statements_covered_display": "100.00", "num_branches": 0, "num_partial_branches": 0, "covered_branches": 0, "missing_branches": 0, "percent_branches_covered": 100.0, "percent_branches_covered_display": "100.00"}, "missing_lines": [], "excluded_lines": [], "executed_branches": [], "missing_branches": []}}, "classes": {"AppContext": {"executed_lines": [], "summary": {"covered_lines": 0, "num_statements": 46, "percent_covered": 0.0, "percent_covered_display": "0.00", "missing_lines": 46, "excluded_lines": 0, "percent_statements_covered": 0.0, "percent_statements_covered_display": "0.00", "num_branches": 4, "num_partial_branches": 0, "covered_branches": 0, "missing_branches": 4, "percent_branches_covered": 0.0, "percent_branches_covered_display": "0.00"}, "missing_lines": [75, 76, 83, 88, 93, 98, 103, 108, 113, 118, 123, 129, 133, 137, 141, 146, 152, 153, 154, 155, 156, 158, 176, 180, 181, 182, 188, 189, 195, 201, 205, 213, 223, 240, 269, 294, 325, 347, 363, 395, 419, 427, 436, 437, 438, 439], "excluded_lines": [], "executed_branches": [], "missing_branches": [[152, 153], [152, 176], [436, -434], [436, 437]]}, "": {"executed_lines": [2, 8, 9, 10, 12, 14, 21, 30, 36, 43, 46, 47, 68, 80, 81, 85, 86, 90, 91, 95, 96, 100, 101, 105, 106, 110, 111, 115, 116, 120, 121, 127, 131, 135, 139, 143, 144, 150, 178, 186, 191, 197, 203, 209, 215, 227, 260, 280, 314, 340, 356, 371, 417, 425, 434], "summary": {"covered_lines": 53, "num_statements": 53, "percent_covered": 100.0, "percent_covered_display": "100.00", "missing_lines": 0, "excluded_lines": 0, "percent_statements_covered": 100.0, "percent_statements_covered_display": "100.00", "num_branches": 0, "num_partial_branches": 0, "covered_branches": 0, "missing_branches": 0, "percent_branches_covered": 100.0, "percent_branches_covered_display": "100.00"}, "missing_lines": [], "excluded_lines": [], "executed_branches": [], "missing_branches": []}}}, "trendradar/core/__init__.py": {"executed_lines": [2, 6, 12, 13, 14, 22, 29], "summary": {"covered_lines": 6, "num_statements": 6, "percent_covered": 100.0, "percent_covered_display": "100.00", "missing_lines": 0, "excluded_lines": 0, "percent_statements_covered": 100.0, "percent_statements_covered_display": "100.00", "num_branches": 0, "num_partial_branches": 0, "covered_branches": 0, "missing_branches": 0, "percent_branches_covered": 100.0, "percent_branches_covered_display": "100.00"}, "missing_lines": [], "excluded_lines": [], "executed_branches": [], "missing_branches": [], "functions": {"": {"executed_lines": [2, 6, 12, 13, 14, 22, 29], "summary": {"covered_lines": 6, "num_statements": 6, "percent_covered": 100.0, "percent_covered_display": "100.00", "missing_lines": 0, "excluded_lines": 0, "percent_statements_covered": 100.0, "percent_statements_covered_display": "100.00", "num_branches": 0, "num_partial_branches": 0, "covered_branches": 0, "missing_branches": 0, "percent_branches_covered": 100.0, "percent_branches_covered_display": "100.00"}, "missing_lines": [], "excluded_lines": [], "executed_branches": [], "missing_branches": []}}, "classes": {"": {"executed_lines": [2, 6, 12, 13, 14, 22, 29], "summary": {"covered_lines": 6, "num_statements": 6, "percent_covered": 100.0, "percent_covered_display": "100.00", "missing_lines": 0, "excluded_lines": 0, "percent_statements_covered": 100.0, "percent_statements_covered_display": "100.00", "num_branches": 0, "num_partial_branches": 0, "covered_branches": 0, "missing_branches": 0, "percent_branches_covered": 100.0, "percent_branches_covered_display": "100.00"}, "missing_lines": [], "excluded_lines": [], "executed_branches": [], "missing_branches": []}}}, "trendradar/core/analyzer.py": {"executed_lines": [2, 11, 13, 16, 17, 18, 19, 20, 21, 22, 23, 26, 27, 28, 29, 30, 33, 34, 35, 36, 37, 38, 41, 57, 58, 59, 61, 64, 65, 66, 67, 69, 72, 75, 76, 77, 79, 85, 88, 104, 105, 107, 108, 109, 110, 112, 115, 156, 157, 164, 165, 168, 169, 172, 173, 174, 175, 177, 180, 181, 183, 184, 189, 225, 226, 227, 228, 233, 235, 236, 237, 238, 240, 241, 242, 243, 245, 246, 247, 249, 250, 252, 253, 255, 256, 260, 264, 265, 268, 271, 273, 274, 275, 278, 279, 280, 281, 284, 285, 286, 287, 288, 291, 292, 296, 297, 299, 300, 304, 305, 307, 308, 309, 310, 312, 313, 314, 315, 316, 317, 320, 334, 339, 340, 341, 342, 343, 344, 345, 346, 348, 351, 353, 356, 357, 359, 360, 362, 363, 365, 381, 383, 385, 388, 389, 390, 391, 396, 397, 418, 442, 444, 447, 451, 452, 453, 454, 457, 467, 468, 470, 472, 473, 475, 490, 492, 495, 498, 499, 500, 501, 503, 506, 562, 564, 565, 568, 569, 570, 571, 572, 575, 576, 577, 578, 579, 582, 583, 584, 585, 587, 588, 592, 597, 599, 600, 601, 604, 605, 606, 607, 610, 611, 614, 615, 616, 617, 618, 621, 622, 625, 634, 635, 639, 642, 644, 645, 648, 649, 652, 655, 657, 668, 669, 672, 673, 676, 680, 681, 685, 691, 692, 693, 694, 695, 697, 706, 709, 711, 712, 713, 715, 718, 735, 737, 738, 739, 740, 742, 743, 746, 747, 748, 751, 752, 753, 754, 755, 756, 757, 758, 759, 762, 763, 773, 774, 775, 783, 785], "summary": {"covered_lines": 265, "num_statements": 327, "percent_covered": 75.33460803059273, "percent_covered_display": "75.33", "missing_lines": 62, "excluded_lines": 0, "percent_statements_covered": 81.03975535168196, "percent_statements_covered_display": "81.04", "num_branches": 196, "num_partial_branches": 23, "covered_branches": 129, "missing_branches": 67, "percent_branches_covered": 65.81632653061224, "percent_branches_covered_display": "65.82"}, "missing_lines": [187, 188, 191, 192, 193, 194, 195, 196, 197, 198, 201, 202, 203, 204, 205, 206, 207, 208, 209, 210, 211, 212, 214, 215, 219, 221, 222, 257, 326, 327, 328, 329, 330, 331, 332, 333, 349, 382, 401, 402, 403, 409, 410, 413, 414, 416, 417, 419, 420, 421, 426, 427, 431, 432, 437, 438, 626, 630, 631, 640, 682, 707], "excluded_lines": [], "executed_branches": [[58, 59], [58, 61], [65, 66], [65, 69], [104, 105], [104, 107], [109, 110], [109, 112], [156, 157], [164, 165], [164, 168], [168, 169], [168, 172], [172, 173], [172, 177], [180, 181], [180, 189], [181, 183], [189, 225], [240, 241], [240, 242], [242, 243], [242, 245], [245, 246], [245, 249], [249, 250], [249, 388], [252, 253], [255, 249], [255, 256], [256, 260], [264, 265], [264, 268], [268, 271], [268, 273], [279, 280], [284, 285], [284, 291], [287, 288], [287, 312], [291, 292], [291, 299], [296, 297], [296, 299], [299, 300], [299, 307], [304, 305], [304, 307], [309, 310], [320, 334], [334, 339], [334, 348], [343, 344], [348, 351], [357, 359], [357, 360], [360, 362], [360, 365], [381, 383], [388, 389], [388, 418], [389, 390], [396, 397], [396, 442], [418, 442], [451, 452], [451, 490], [453, 454], [453, 457], [468, 470], [468, 472], [472, 473], [472, 475], [490, 492], [490, 495], [499, 500], [499, 503], [564, 565], [564, 568], [568, 569], [568, 575], [569, 570], [576, 577], [576, 582], [577, 578], [577, 582], [578, 579], [583, 584], [583, 587], [599, 600], [599, 672], [604, 605], [604, 606], [606, 607], [610, 611], [610, 614], [615, 616], [621, 622], [621, 625], [625, 634], [634, 635], [639, 642], [644, 645], [680, 681], [680, 706], [681, 685], [692, 693], [692, 694], [694, 695], [694, 697], [706, 709], [712, 713], [712, 715], [737, 738], [737, 751], [739, 737], [739, 740], [742, 743], [742, 746], [751, 752], [751, 762], [754, 755], [754, 759], [756, 754], [756, 757], [762, 763], [762, 773], [774, 775], [774, 783]], "missing_branches": [[156, 164], [181, 187], [189, 191], [191, 192], [191, 221], [193, 194], [193, 201], [194, 193], [194, 195], [196, 194], [196, 197], [197, 194], [197, 198], [201, 202], [201, 219], [203, 204], [203, 214], [204, 203], [204, 205], [206, 207], [206, 211], [207, 206], [207, 208], [209, 206], [209, 210], [211, 203], [211, 212], [214, 215], [214, 222], [252, 255], [256, 257], [279, 255], [309, 312], [320, 326], [330, 331], [330, 332], [343, 345], [348, 349], [381, 382], [389, 401], [401, 402], [401, 416], [409, 410], [409, 442], [413, 414], [413, 442], [416, 417], [416, 442], [418, 419], [420, 421], [420, 431], [426, 427], [426, 442], [437, 438], [437, 442], [569, 571], [578, 577], [606, 610], [615, 599], [625, 626], [630, 631], [630, 634], [634, 642], [639, 640], [644, 615], [681, 682], [706, 707]], "functions": {"calculate_news_weight": {"executed_lines": [57, 58, 59, 61, 64, 65, 66, 67, 69, 72, 75, 76, 77, 79, 85], "summary": {"covered_lines": 15, "num_statements": 15, "percent_covered": 100.0, "percent_covered_display": "100.00", "missing_lines": 0, "excluded_lines": 0, "percent_statements_covered": 100.0, "percent_statements_covered_display": "100.00", "num_branches": 4, "num_partial_branches": 0, "covered_branches": 4, "missing_branches": 0, "percent_branches_covered": 100.0, "percent_branches_covered_display": "100.00"}, "missing_lines": [], "excluded_lines": [], "executed_branches": [[58, 59], [58, 61], [65, 66], [65, 69]], "missing_branches": []}, "format_time_display": {"executed_lines": [104, 105, 107, 108, 109, 110, 112], "summary": {"covered_lines": 7, "num_statements": 7, "percent_covered": 100.0, "percent_covered_display": "100.00", "missing_lines": 0, "excluded_lines": 0, "percent_statements_covered": 100.0, "percent_statements_covered_display": "100.00", "num_branches": 4, "num_partial_branches": 0, "covered_branches": 4, "missing_branches": 0, "percent_branches_covered": 100.0, "percent_branches_covered_display": "100.00"}, "missing_lines": [], "excluded_lines": [], "executed_branches": [[104, 105], [104, 107], [109, 110], [109, 112]], "missing_branches": []}, "count_word_frequency": {"executed_lines": [156, 157, 164, 165, 168, 169, 172, 173, 174, 175, 177, 180, 181, 183, 184, 189, 225, 226, 227, 228, 233, 235, 236, 237, 238, 240, 241, 242, 243, 245, 246, 247, 249, 250, 252, 253, 255, 256, 260, 264, 265, 268, 271, 273, 274, 275, 278, 279, 280, 281, 284, 285, 286, 287, 288, 291, 292, 296, 297, 299, 300, 304, 305, 307, 308, 309, 310, 312, 313, 314, 315, 316, 317, 320, 334, 339, 340, 341, 342, 343, 344, 345, 346, 348, 351, 353, 356, 357, 359, 360, 362, 363, 365, 381, 383, 385, 388, 389, 390, 391, 396, 397, 418, 442, 444, 447, 451, 452, 453, 454, 457, 467, 468, 470, 472, 473, 475, 490, 492, 495, 498, 499, 500, 501, 503], "summary": {"covered_lines": 125, "num_statements": 181, "percent_covered": 63.60655737704918, "percent_covered_display": "63.61", "missing_lines": 56, "excluded_lines": 0, "percent_statements_covered": 69.06077348066299, "percent_statements_covered_display": "69.06", "num_branches": 124, "num_partial_branches": 13, "covered_branches": 69, "missing_branches": 55, "percent_branches_covered": 55.645161290322584, "percent_branches_covered_display": "55.65"}, "missing_lines": [187, 188, 191, 192, 193, 194, 195, 196, 197, 198, 201, 202, 203, 204, 205, 206, 207, 208, 209, 210, 211, 212, 214, 215, 219, 221, 222, 257, 326, 327, 328, 329, 330, 331, 332, 333, 349, 382, 401, 402, 403, 409, 410, 413, 414, 416, 417, 419, 420, 421, 426, 427, 431, 432, 437, 438], "excluded_lines": [], "executed_branches": [[156, 157], [164, 165], [164, 168], [168, 169], [168, 172], [172, 173], [172, 177], [180, 181], [180, 189], [181, 183], [189, 225], [240, 241], [240, 242], [242, 243], [242, 245], [245, 246], [245, 249], [249, 250], [249, 388], [252, 253], [255, 249], [255, 256], [256, 260], [264, 265], [264, 268], [268, 271], [268, 273], [279, 280], [284, 285], [284, 291], [287, 288], [287, 312], [291, 292], [291, 299], [296, 297], [296, 299], [299, 300], [299, 307], [304, 305], [304, 307], [309, 310], [320, 334], [334, 339], [334, 348], [343, 344], [348, 351], [357, 359], [357, 360], [360, 362], [360, 365], [381, 383], [388, 389], [388, 418], [389, 390], [396, 397], [396, 442], [418, 442], [451, 452], [451, 490], [453, 454], [453, 457], [468, 470], [468, 472], [472, 473], [472, 475], [490, 492], [490, 495], [499, 500], [499, 503]], "missing_branches": [[156, 164], [181, 187], [189, 191], [191, 192], [191, 221], [193, 194], [193, 201], [194, 193], [194, 195], [196, 194], [196, 197], [197, 194], [197, 198], [201, 202], [201, 219], [203, 204], [203, 214], [204, 203], [204, 205], [206, 207], [206, 211], [207, 206], [207, 208], [209, 206], [209, 210], [211, 203], [211, 212], [214, 215], [214, 222], [252, 255], [256, 257], [279, 255], [309, 312], [320, 326], [330, 331], [330, 332], [343, 345], [348, 349], [381, 382], [389, 401], [401, 402], [401, 416], [409, 410], [409, 442], [413, 414], [413, 442], [416, 417], [416, 442], [418, 419], [420, 421], [420, 431], [426, 427], [426, 442], [437, 438], [437, 442]]}, "count_rss_frequency": {"executed_lines": [562, 564, 565, 568, 569, 570, 571, 572, 575, 576, 577, 578, 579, 582, 583, 584, 585, 587, 588, 592, 597, 599, 600, 601, 604, 605, 606, 607, 610, 611, 614, 615, 616, 617, 618, 621, 622, 625, 634, 635, 639, 642, 644, 645, 648, 649, 652, 655, 657, 668, 669, 672, 673, 676, 680, 681, 685, 691, 692, 693, 694, 695, 697, 706, 709, 711, 712, 713, 715], "summary": {"covered_lines": 69, "num_statements": 75, "percent_covered": 85.36585365853658, "percent_covered_display": "85.37", "missing_lines": 6, "excluded_lines": 0, "percent_statements_covered": 92.0, "percent_statements_covered_display": "92.00", "num_branches": 48, "num_partial_branches": 10, "covered_branches": 36, "missing_branches": 12, "percent_branches_covered": 75.0, "percent_branches_covered_display": "75.00"}, "missing_lines": [626, 630, 631, 640, 682, 707], "excluded_lines": [], "executed_branches": [[564, 565], [564, 568], [568, 569], [568, 575], [569, 570], [576, 577], [576, 582], [577, 578], [577, 582], [578, 579], [583, 584], [583, 587], [599, 600], [599, 672], [604, 605], [604, 606], [606, 607], [610, 611], [610, 614], [615, 616], [621, 622], [621, 625], [625, 634], [634, 635], [639, 642], [644, 645], [680, 681], [680, 706], [681, 685], [692, 693], [692, 694], [694, 695], [694, 697], [706, 709], [712, 713], [712, 715]], "missing_branches": [[569, 571], [578, 577], [606, 610], [615, 599], [625, 626], [630, 631], [630, 634], [634, 642], [639, 640], [644, 615], [681, 682], [706, 707]]}, "convert_keyword_stats_to_platform_stats": {"executed_lines": [735, 737, 738, 739, 740, 742, 743, 746, 747, 748, 751, 752, 753, 754, 755, 756, 757, 758, 759, 762, 763, 773, 774, 775, 783, 785], "summary": {"covered_lines": 26, "num_statements": 26, "percent_covered": 100.0, "percent_covered_display": "100.00", "missing_lines": 0, "excluded_lines": 0, "percent_statements_covered": 100.0, "percent_statements_covered_display": "100.00", "num_branches": 16, "num_partial_branches": 0, "covered_branches": 16, "missing_branches": 0, "percent_branches_covered": 100.0, "percent_branches_covered_display": "100.00"}, "missing_lines": [], "excluded_lines": [], "executed_branches": [[737, 738], [737, 751], [739, 737], [739, 740], [742, 743], [742, 746], [751, 752], [751, 762], [754, 755], [754, 759], [756, 754], [756, 757], [762, 763], [762, 773], [774, 775], [774, 783]], "missing_branches": []}, "": {"executed_lines": [2, 11, 13, 16, 17, 18, 19, 20, 21, 22, 23, 26, 27, 28, 29, 30, 33, 34, 35, 36, 37, 38, 41, 88, 115, 506, 718], "summary": {"covered_lines": 23, "num_statements": 23, "percent_covered": 100.0, "percent_covered_display": "100.00", "missing_lines": 0, "excluded_lines": 0, "percent_statements_covered": 100.0, "percent_statements_covered_display": "100.00", "num_branches": 0, "num_partial_branches": 0, "covered_branches": 0, "missing_branches": 0, "percent_branches_covered": 100.0, "percent_branches_covered_display": "100.00"}, "missing_lines": [], "excluded_lines": [], "executed_branches": [], "missing_branches": []}}, "classes": {"TitleData": {"executed_lines": [], "summary": {"covered_lines": 0, "num_statements": 0, "percent_covered": 100.0, "percent_covered_display": "100.00", "missing_lines": 0, "excluded_lines": 0, "percent_statements_covered": 100.0, "percent_statements_covered_display": "100.00", "num_branches": 0, "num_partial_branches": 0, "covered_branches": 0, "missing_branches": 0, "percent_branches_covered": 100.0, "percent_branches_covered_display": "100.00"}, "missing_lines": [], "excluded_lines": [], "executed_branches": [], "missing_branches": []}, "WeightConfig": {"executed_lines": [], "summary": {"covered_lines": 0, "num_statements": 0, "percent_covered": 100.0, "percent_covered_display": "100.00", "missing_lines": 0, "excluded_lines": 0, "percent_statements_covered": 100.0, "percent_statements_covered_display": "100.00", "num_branches": 0, "num_partial_branches": 0, "covered_branches": 0, "missing_branches": 0, "percent_branches_covered": 100.0, "percent_branches_covered_display": "100.00"}, "missing_lines": [], "excluded_lines": [], "executed_branches": [], "missing_branches": []}, "WordGroup": {"executed_lines": [], "summary": {"covered_lines": 0, "num_statements": 0, "percent_covered": 100.0, "percent_covered_display": "100.00", "missing_lines": 0, "excluded_lines": 0, "percent_statements_covered": 100.0, "percent_statements_covered_display": "100.00", "num_branches": 0, "num_partial_branches": 0, "covered_branches": 0, "missing_branches": 0, "percent_branches_covered": 100.0, "percent_branches_covered_display": "100.00"}, "missing_lines": [], "excluded_lines": [], "executed_branches": [], "missing_branches": []}, "": {"executed_lines": [2, 11, 13, 16, 17, 18, 19, 20, 21, 22, 23, 26, 27, 28, 29, 30, 33, 34, 35, 36, 37, 38, 41, 57, 58, 59, 61, 64, 65, 66, 67, 69, 72, 75, 76, 77, 79, 85, 88, 104, 105, 107, 108, 109, 110, 112, 115, 156, 157, 164, 165, 168, 169, 172, 173, 174, 175, 177, 180, 181, 183, 184, 189, 225, 226, 227, 228, 233, 235, 236, 237, 238, 240, 241, 242, 243, 245, 246, 247, 249, 250, 252, 253, 255, 256, 260, 264, 265, 268, 271, 273, 274, 275, 278, 279, 280, 281, 284, 285, 286, 287, 288, 291, 292, 296, 297, 299, 300, 304, 305, 307, 308, 309, 310, 312, 313, 314, 315, 316, 317, 320, 334, 339, 340, 341, 342, 343, 344, 345, 346, 348, 351, 353, 356, 357, 359, 360, 362, 363, 365, 381, 383, 385, 388, 389, 390, 391, 396, 397, 418, 442, 444, 447, 451, 452, 453, 454, 457, 467, 468, 470, 472, 473, 475, 490, 492, 495, 498, 499, 500, 501, 503, 506, 562, 564, 565, 568, 569, 570, 571, 572, 575, 576, 577, 578, 579, 582, 583, 584, 585, 587, 588, 592, 597, 599, 600, 601, 604, 605, 606, 607, 610, 611, 614, 615, 616, 617, 618, 621, 622, 625, 634, 635, 639, 642, 644, 645, 648, 649, 652, 655, 657, 668, 669, 672, 673, 676, 680, 681, 685, 691, 692, 693, 694, 695, 697, 706, 709, 711, 712, 713, 715, 718, 735, 737, 738, 739, 740, 742, 743, 746, 747, 748, 751, 752, 753, 754, 755, 756, 757, 758, 759, 762, 763, 773, 774, 775, 783, 785], "summary": {"covered_lines": 265, "num_statements": 327, "percent_covered": 75.33460803059273, "percent_covered_display": "75.33", "missing_lines": 62, "excluded_lines": 0, "percent_statements_covered": 81.03975535168196, "percent_statements_covered_display": "81.04", "num_branches": 196, "num_partial_branches": 23, "covered_branches": 129, "missing_branches": 67, "percent_branches_covered": 65.81632653061224, "percent_branches_covered_display": "65.82"}, "missing_lines": [187, 188, 191, 192, 193, 194, 195, 196, 197, 198, 201, 202, 203, 204, 205, 206, 207, 208, 209, 210, 211, 212, 214, 215, 219, 221, 222, 257, 326, 327, 328, 329, 330, 331, 332, 333, 349, 382, 401, 402, 403, 409, 410, 413, 414, 416, 417, 419, 420, 421, 426, 427, 431, 432, 437, 438, 626, 630, 631, 640, 682, 707], "excluded_lines": [], "executed_branches": [[58, 59], [58, 61], [65, 66], [65, 69], [104, 105], [104, 107], [109, 110], [109, 112], [156, 157], [164, 165], [164, 168], [168, 169], [168, 172], [172, 173], [172, 177], [180, 181], [180, 189], [181, 183], [189, 225], [240, 241], [240, 242], [242, 243], [242, 245], [245, 246], [245, 249], [249, 250], [249, 388], [252, 253], [255, 249], [255, 256], [256, 260], [264, 265], [264, 268], [268, 271], [268, 273], [279, 280], [284, 285], [284, 291], [287, 288], [287, 312], [291, 292], [291, 299], [296, 297], [296, 299], [299, 300], [299, 307], [304, 305], [304, 307], [309, 310], [320, 334], [334, 339], [334, 348], [343, 344], [348, 351], [357, 359], [357, 360], [360, 362], [360, 365], [381, 383], [388, 389], [388, 418], [389, 390], [396, 397], [396, 442], [418, 442], [451, 452], [451, 490], [453, 454], [453, 457], [468, 470], [468, 472], [472, 473], [472, 475], [490, 492], [490, 495], [499, 500], [499, 503], [564, 565], [564, 568], [568, 569], [568, 575], [569, 570], [576, 577], [576, 582], [577, 578], [577, 582], [578, 579], [583, 584], [583, 587], [599, 600], [599, 672], [604, 605], [604, 606], [606, 607], [610, 611], [610, 614], [615, 616], [621, 622], [621, 625], [625, 634], [634, 635], [639, 642], [644, 645], [680, 681], [680, 706], [681, 685], [692, 693], [692, 694], [694, 695], [694, 697], [706, 709], [712, 713], [712, 715], [737, 738], [737, 751], [739, 737], [739, 740], [742, 743], [742, 746], [751, 752], [751, 762], [754, 755], [754, 759], [756, 754], [756, 757], [762, 763], [762, 773], [774, 775], [774, 783]], "missing_branches": [[156, 164], [181, 187], [189, 191], [191, 192], [191, 221], [193, 194], [193, 201], [194, 193], [194, 195], [196, 194], [196, 197], [197, 194], [197, 198], [201, 202], [201, 219], [203, 204], [203, 214], [204, 203], [204, 205], [206, 207], [206, 211], [207, 206], [207, 208], [209, 206], [209, 210], [211, 203], [211, 212], [214, 215], [214, 222], [252, 255], [256, 257], [279, 255], [309, 312], [320, 326], [330, 331], [330, 332], [343, 345], [348, 349], [381, 382], [389, 401], [401, 402], [401, 416], [409, 410], [409, 442], [413, 414], [413, 442], [416, 417], [416, 442], [418, 419], [420, 421], [420, 431], [426, 427], [426, 442], [437, 438], [437, 442], [569, 571], [578, 577], [606, 610], [615, 599], [625, 626], [630, 631], [630, 634], [634, 642], [639, 640], [644, 615], [681, 682], [706, 707]]}}}, "trendradar/core/api.py": {"executed_lines": [2, 8, 9, 10, 13, 14, 20, 34, 37, 41, 42, 44, 45, 46, 49, 51, 54, 55, 56, 58, 59, 61, 62, 63, 66, 68, 70, 103, 105, 106, 108, 111, 112, 113, 119, 120, 121, 122, 124, 126, 127, 130, 131, 134, 135, 136, 143, 145, 161, 162, 168, 174, 175, 177, 178, 183, 186, 187, 188, 189, 191, 193, 208, 209, 212, 214, 215, 217, 218, 219, 220, 274, 291, 294, 295, 297, 299, 300, 301, 302, 303, 305, 307, 322, 324, 325, 342, 355, 356, 358, 360, 375, 377, 378, 379, 383], "summary": {"covered_lines": 94, "num_statements": 129, "percent_covered": 69.14285714285714, "percent_covered_display": "69.14", "missing_lines": 35, "excluded_lines": 0, "percent_statements_covered": 72.86821705426357, "percent_statements_covered_display": "72.87", "num_branches": 46, "num_partial_branches": 7, "covered_branches": 27, "missing_branches": 19, "percent_branches_covered": 58.69565217391305, "percent_branches_covered_display": "58.70"}, "missing_lines": [164, 165, 221, 225, 226, 229, 232, 233, 234, 235, 236, 246, 247, 248, 249, 251, 254, 268, 328, 335, 340, 357, 380, 381, 385, 386, 387, 390, 391, 393, 395, 402, 403, 404, 406], "excluded_lines": [], "executed_branches": [[41, 42], [41, 44], [45, 46], [45, 49], [58, 59], [58, 61], [62, 63], [62, 66], [112, 113], [112, 119], [161, 162], [187, 188], [187, 191], [188, 187], [188, 189], [215, 217], [219, 220], [294, 295], [294, 297], [300, 301], [300, 305], [302, 300], [302, 303], [324, 325], [356, 358], [377, 378], [379, 383]], "missing_branches": [[161, 164], [215, 225], [219, 221], [225, 226], [225, 229], [233, 234], [233, 246], [235, 233], [235, 236], [247, 248], [247, 249], [249, 251], [249, 254], [324, 328], [356, 357], [377, 385], [379, 380], [390, 391], [390, 393]], "functions": {"TrendRadarAPI.__init__": {"executed_lines": [34, 37, 41, 42, 44, 45, 46, 49, 51, 54, 55, 56, 58, 59, 61, 62, 63, 66], "summary": {"covered_lines": 18, "num_statements": 18, "percent_covered": 100.0, "percent_covered_display": "100.00", "missing_lines": 0, "excluded_lines": 0, "percent_statements_covered": 100.0, "percent_statements_covered_display": "100.00", "num_branches": 8, "num_partial_branches": 0, "covered_branches": 8, "missing_branches": 0, "percent_branches_covered": 100.0, "percent_branches_covered_display": "100.00"}, "missing_lines": [], "excluded_lines": [], "executed_branches": [[41, 42], [41, 44], [45, 46], [45, 49], [58, 59], [58, 61], [62, 63], [62, 66]], "missing_branches": []}, "TrendRadarAPI._get_default_config": {"executed_lines": [70], "summary": {"covered_lines": 1, "num_statements": 1, "percent_covered": 100.0, "percent_covered_display": "100.00", "missing_lines": 0, "excluded_lines": 0, "percent_statements_covered": 100.0, "percent_statements_covered_display": "100.00", "num_branches": 0, "num_partial_branches": 0, "covered_branches": 0, "missing_branches": 0, "percent_branches_covered": 100.0, "percent_branches_covered_display": "100.00"}, "missing_lines": [], "excluded_lines": [], "executed_branches": [], "missing_branches": []}, "TrendRadarAPI._load_keywords": {"executed_lines": [105, 106, 108, 111, 112, 113, 119, 120, 121, 122], "summary": {"covered_lines": 10, "num_statements": 10, "percent_covered": 100.0, "percent_covered_display": "100.00", "missing_lines": 0, "excluded_lines": 0, "percent_statements_covered": 100.0, "percent_statements_covered_display": "100.00", "num_branches": 2, "num_partial_branches": 0, "covered_branches": 2, "missing_branches": 0, "percent_branches_covered": 100.0, "percent_branches_covered_display": "100.00"}, "missing_lines": [], "excluded_lines": [], "executed_branches": [[112, 113], [112, 119]], "missing_branches": []}, "TrendRadarAPI._init_components": {"executed_lines": [126, 127, 130, 131, 134, 135, 136, 143], "summary": {"covered_lines": 8, "num_statements": 8, "percent_covered": 100.0, "percent_covered_display": "100.00", "missing_lines": 0, "excluded_lines": 0, "percent_statements_covered": 100.0, "percent_statements_covered_display": "100.00", "num_branches": 0, "num_partial_branches": 0, "covered_branches": 0, "missing_branches": 0, "percent_branches_covered": 100.0, "percent_branches_covered_display": "100.00"}, "miss
[...]
1, 584, 585, 586, 587, 592, 593, 594, 595, 596, 597, 600, 601, 602, 604, 605, 606, 607, 608, 610, 612, 613, 616, 618, 632, 635, 641, 644, 650, 651, 653, 661, 662, 663, 667, 668, 669, 672, 678, 679, 680, 682, 685, 694, 695, 696, 698, 699, 700, 702, 703, 704, 705, 707, 708, 710, 725, 732, 734, 742, 743, 744, 753, 754, 756, 757, 758, 759, 760, 763, 767, 768, 769, 770, 771, 772, 773, 776, 777, 779, 781, 782, 783, 784, 785, 786, 787, 788, 790, 792, 793, 794, 798, 799, 802, 803, 804, 805, 807, 809, 810, 811, 813, 814, 816, 818, 820, 821, 822, 823, 824, 825, 826, 828, 830, 831, 832, 833, 835, 836, 838, 839, 840, 844, 845, 847, 848, 849, 850, 852, 854, 855, 857, 858, 860, 861, 862, 866, 867, 868, 870, 874, 875, 877, 879, 880, 881, 887, 892, 893, 894, 895, 896, 899, 904, 905, 906, 907, 908, 910, 911, 915, 927, 928, 930, 931, 933, 935, 936, 939, 940, 942, 943, 944, 946, 947, 950, 951, 953, 954, 955, 961, 964, 965, 966, 972, 973, 974, 976, 977, 978, 981, 982, 983, 984, 985, 986, 990, 991, 992, 994, 995, 996, 998, 1000, 1002, 1003, 1004, 1016, 1017, 1018, 1020, 1022, 1026, 1027, 1028, 1029, 1031, 1032, 1033, 1046, 1047, 1048, 1050, 1051, 1053, 1062, 1064, 1067, 1068, 1069, 1071, 1072, 1074, 1075, 1076, 1094, 1095, 1096, 1098, 1101, 1102, 1111, 1112, 1114, 1115, 1116, 1118, 1119, 1123, 1125, 1127, 1128, 1140, 1143, 1152, 1155, 1164, 1166, 1167, 1169, 1172, 1179, 1182, 1183, 1184, 1187, 1188, 1195, 1196, 1201, 1207, 1210, 1211, 1212, 1213, 1216, 1217, 1218, 1220, 1221, 1223, 1224, 1225, 1237, 1238, 1239, 1242, 1251, 1252, 1253, 1255, 1256, 1257, 1259, 1260, 1261, 1263, 1265, 1266, 1268, 1283, 1288, 1289, 1292, 1298, 1300, 1308, 1309, 1310, 1325, 1327, 1329, 1331, 1334, 1337, 1338, 1339, 1340, 1341, 1342, 1343, 1344, 1347, 1348, 1350, 1353, 1354, 1355, 1356, 1358, 1359, 1360, 1361, 1363, 1365, 1366, 1367, 1379, 1380, 1381, 1384, 1390, 1391, 1392, 1394, 1397, 1407, 1408, 1409, 1411, 1412, 1413, 1415, 1416, 1417, 1419, 1421, 1422, 1424, 1439, 1446, 1448, 1456, 1457, 1458, 1464, 1467, 1469, 1482, 1483, 1485, 1486, 1488, 1489, 1491, 1493, 1494, 1495, 1498, 1499, 1502, 1503, 1504, 1507, 1510, 1511, 1512, 1515, 1516, 1517, 1518, 1519, 1520, 1521, 1522, 1523, 1524, 1526, 1527, 1536, 1538, 1539, 1540, 1542, 1543, 1544, 1546, 1547, 1549, 1550, 1551, 1553, 1555, 1556, 1557], "excluded_lines": [], "executed_branches": [[79, 80], [886, 890], [891, 898], [898, 902], [903, 913], [914, -883], [1463, 1465]], "missing_branches": [[79, 82], [112, 113], [112, 115], [189, 190], [189, 192], [219, 220], [219, 223], [228, 229], [228, 230], [236, 237], [236, 240], [260, 261], [260, 264], [286, 287], [286, 290], [311, 313], [311, 324], [316, 317], [316, 319], [336, 337], [336, 338], [350, 351], [350, 355], [379, 380], [379, 383], [386, 387], [386, 396], [401, 402], [401, 493], [404, 401], [404, 405], [410, 411], [410, 472], [417, 419], [417, 453], [422, 424], [422, 432], [507, 508], [507, 532], [511, 512], [511, 519], [519, 521], [519, 532], [541, 542], [541, 543], [543, 544], [543, 545], [549, 550], [549, 553], [577, 578], [577, 581], [585, 586], [585, 600], [592, 593], [592, 600], [594, 595], [594, 596], [596, 592], [596, 597], [604, 605], [604, 632], [612, 613], [612, 616], [679, 680], [679, 682], [695, 696], [695, 698], [702, 703], [702, 725], [707, 708], [707, 710], [756, 757], [756, 763], [758, 759], [758, 760], [768, 769], [768, 776], [770, 768], [770, 771], [772, 770], [772, 773], [777, 779], [777, 781], [782, 783], [782, 790], [784, 782], [784, 785], [785, 784], [785, 786], [786, 787], [786, 788], [798, 799], [798, 802], [810, 811], [810, 830], [813, 814], [813, 816], [820, 821], [820, 828], [822, 823], [822, 824], [824, 825], [824, 826], [830, 831], [830, 835], [832, 833], [832, 835], [844, 845], [844, 847], [886, 887], [891, 892], [898, 899], [903, 904], [905, 906], [905, 913], [910, 911], [910, 913], [914, 915], [927, 928], [927, 930], [942, 943], [942, 981], [943, 944], [943, 946], [946, 942], [946, 947], [954, 955], [954, 964], [965, 966], [965, 976], [976, 946], [976, 977], [981, 982], [981, 1000], [983, 984], [983, 994], [995, 996], [995, 998], [1027, 1028], [1027, 1029], [1067, 1068], [1067, 1071], [1101, 1102], [1101, 1111], [1114, 1115], [1114, 1169], [1115, 1114], [1115, 1116], [1118, 1119], [1118, 1155], [1125, 1127], [1125, 1143], [1183, 1184], [1183, 1207], [1187, 1188], [1187, 1195], [1195, 1196], [1195, 1207], [1211, 1212], [1211, 1213], [1216, 1217], [1216, 1220], [1252, 1253], [1252, 1255], [1259, 1260], [1259, 1283], [1265, 1266], [1265, 1268], [1329, 1331], [1329, 1334], [1338, 1339], [1338, 1347], [1340, 1338], [1340, 1341], [1342, 1340], [1342, 1343], [1343, 1340], [1343, 1344], [1348, 1350], [1348, 1353], [1354, 1355], [1354, 1363], [1356, 1354], [1356, 1358], [1358, 1356], [1358, 1359], [1359, 1360], [1359, 1361], [1391, 1392], [1391, 1394], [1408, 1409], [1408, 1411], [1415, 1416], [1415, 1439], [1421, 1422], [1421, 1424], [1463, 1464], [1482, 1483], [1482, 1485], [1493, 1494], [1493, 1526], [1502, 1503], [1502, 1507], [1510, 1511], [1510, 1515], [1519, 1520], [1519, 1521], [1542, 1543], [1542, 1553], [1543, 1544], [1543, 1546], [1546, 1542], [1546, 1547], [1550, 1546], [1550, 1551]]}, "": {"executed_lines": [2, 10, 11, 12, 13, 14, 15, 16, 17, 18, 20, 21, 25, 26, 27, 28, 29, 31, 32, 37, 40, 41, 53, 123, 124, 127, 128, 131, 135, 139, 143, 157, 173, 198, 246, 297, 326, 340, 359, 560, 665, 746, 796, 842, 864, 883, 917, 1006, 1035, 1082, 1227, 1312, 1369, 1460, 1471, 1529], "summary": {"covered_lines": 54, "num_statements": 57, "percent_covered": 94.73684210526316, "percent_covered_display": "94.74", "missing_lines": 3, "excluded_lines": 0, "percent_statements_covered": 94.73684210526316, "percent_statements_covered_display": "94.74", "num_branches": 0, "num_partial_branches": 0, "covered_branches": 0, "missing_branches": 0, "percent_branches_covered": 100.0, "percent_branches_covered_display": "100.00"}, "missing_lines": [22, 23, 24], "excluded_lines": [], "executed_branches": [], "missing_branches": []}}}, "trendradar/utils/__init__.py": {"executed_lines": [2, 6, 13, 15], "summary": {"covered_lines": 3, "num_statements": 3, "percent_covered": 100.0, "percent_covered_display": "100.00", "missing_lines": 0, "excluded_lines": 0, "percent_statements_covered": 100.0, "percent_statements_covered_display": "100.00", "num_branches": 0, "num_partial_branches": 0, "covered_branches": 0, "missing_branches": 0, "percent_branches_covered": 100.0, "percent_branches_covered_display": "100.00"}, "missing_lines": [], "excluded_lines": [], "executed_branches": [], "missing_branches": [], "functions": {"": {"executed_lines": [2, 6, 13, 15], "summary": {"covered_lines": 3, "num_statements": 3, "percent_covered": 100.0, "percent_covered_display": "100.00", "missing_lines": 0, "excluded_lines": 0, "percent_statements_covered": 100.0, "percent_statements_covered_display": "100.00", "num_branches": 0, "num_partial_branches": 0, "covered_branches": 0, "missing_branches": 0, "percent_branches_covered": 100.0, "percent_branches_covered_display": "100.00"}, "missing_lines": [], "excluded_lines": [], "executed_branches": [], "missing_branches": []}}, "classes": {"": {"executed_lines": [2, 6, 13, 15], "summary": {"covered_lines": 3, "num_statements": 3, "percent_covered": 100.0, "percent_covered_display": "100.00", "missing_lines": 0, "excluded_lines": 0, "percent_statements_covered": 100.0, "percent_statements_covered_display": "100.00", "num_branches": 0, "num_partial_branches": 0, "covered_branches": 0, "missing_branches": 0, "percent_branches_covered": 100.0, "percent_branches_covered_display": "100.00"}, "missing_lines": [], "excluded_lines": [], "executed_branches": [], "missing_branches": []}}}, "trendradar/utils/time.py": {"executed_lines": [2, 6, 7, 9, 12, 15, 25, 26, 30, 33, 46, 47, 48, 51, 66, 79, 94, 110, 113, 115, 118, 119, 120, 121, 126, 138, 149, 150, 154, 157, 158, 173], "summary": {"covered_lines": 31, "num_statements": 95, "percent_covered": 29.00763358778626, "percent_covered_display": "29.01", "missing_lines": 64, "excluded_lines": 0, "percent_statements_covered": 32.63157894736842, "percent_statements_covered_display": "32.63", "num_branches": 36, "num_partial_branches": 5, "covered_branches": 7, "missing_branches": 29, "percent_branches_covered": 19.444444444444443, "percent_branches_covered_display": "19.44"}, "missing_lines": [27, 28, 29, 63, 76, 89, 90, 91, 111, 122, 123, 127, 129, 130, 132, 134, 135, 136, 140, 141, 142, 143, 144, 145, 146, 151, 152, 160, 162, 164, 165, 166, 167, 168, 169, 170, 195, 196, 197, 198, 200, 201, 204, 205, 206, 207, 208, 209, 212, 213, 214, 215, 217, 218, 219, 220, 222, 224, 227, 230, 231, 233, 235, 237], "excluded_lines": [], "executed_branches": [[46, 47], [46, 48], [110, 113], [118, 119], [126, 138], [138, 149], [157, 158]], "missing_branches": [[89, 90], [89, 91], [110, 111], [118, 126], [126, 127], [129, 130], [129, 132], [138, 140], [140, 141], [140, 146], [142, 143], [142, 146], [157, 160], [164, 165], [164, 170], [166, 167], [166, 170], [195, 196], [195, 197], [197, 198], [197, 200], [204, 205], [204, 212], [212, 213], [212, 222], [214, 215], [214, 217], [222, 224], [222, 227]], "functions": {"get_configured_time": {"executed_lines": [25, 26, 30], "summary": {"covered_lines": 3, "num_statements": 6, "percent_covered": 50.0, "percent_covered_display": "50.00", "missing_lines": 3, "excluded_lines": 0, "percent_statements_covered": 50.0, "percent_statements_covered_display": "50.00", "num_branches": 0, "num_partial_branches": 0, "covered_branches": 0, "missing_branches": 0, "percent_branches_covered": 100.0, "percent_branches_covered_display": "100.00"}, "missing_lines": [27, 28, 29], "excluded_lines": [], "executed_branches": [], "missing_branches": []}, "format_date_folder": {"executed_lines": [46, 47, 48], "summary": {"covered_lines": 3, "num_statements": 3, "percent_covered": 100.0, "percent_covered_display": "100.00", "missing_lines": 0, "excluded_lines": 0, "percent_statements_covered": 100.0, "percent_statements_covered_display": "100.00", "num_branches": 2, "num_partial_branches": 0, "covered_branches": 2, "missing_branches": 0, "percent_branches_covered": 100.0, "percent_branches_covered_display": "100.00"}, "missing_lines": [], "excluded_lines": [], "executed_branches": [[46, 47], [46, 48]], "missing_branches": []}, "format_time_filename": {"executed_lines": [], "summary": {"covered_lines": 0, "num_statements": 1, "percent_covered": 0.0, "percent_covered_display": "0.00", "missing_lines": 1, "excluded_lines": 0, "percent_statements_covered": 0.0, "percent_statements_covered_display": "0.00", "num_branches": 0, "num_partial_branches": 0, "covered_branches": 0, "missing_branches": 0, "percent_branches_covered": 100.0, "percent_branches_covered_display": "100.00"}, "missing_lines": [63], "excluded_lines": [], "executed_branches": [], "missing_branches": []}, "get_current_time_display": {"executed_lines": [], "summary": {"covered_lines": 0, "num_statements": 1, "percent_covered": 0.0, "percent_covered_display": "0.00", "missing_lines": 1, "excluded_lines": 0, "percent_statements_covered": 0.0, "percent_statements_covered_display": "0.00", "num_branches": 0, "num_partial_branches": 0, "covered_branches": 0, "missing_branches": 0, "percent_branches_covered": 100.0, "percent_branches_covered_display": "100.00"}, "missing_lines": [76], "excluded_lines": [], "executed_branches": [], "missing_branches": []}, "convert_time_for_display": {"executed_lines": [], "summary": {"covered_lines": 0, "num_statements": 3, "percent_covered": 0.0, "percent_covered_display": "0.00", "missing_lines": 3, "excluded_lines": 0, "percent_statements_covered": 0.0, "percent_statements_covered_display": "0.00", "num_branches": 2, "num_partial_branches": 0, "covered_branches": 0, "missing_branches": 2, "percent_branches_covered": 0.0, "percent_branches_covered_display": "0.00"}, "missing_lines": [89, 90, 91], "excluded_lines": [], "executed_branches": [], "missing_branches": [[89, 90], [89, 91]]}, "format_iso_time_friendly": {"executed_lines": [110, 113, 115, 118, 119, 120, 121, 126, 138, 149, 150, 154, 157, 158], "summary": {"covered_lines": 14, "num_statements": 42, "percent_covered": 30.64516129032258, "percent_covered_display": "30.65", "missing_lines": 28, "excluded_lines": 0, "percent_statements_covered": 33.333333333333336, "percent_statements_covered_display": "33.33", "num_branches": 20, "num_partial_branches": 5, "covered_branches": 5, "missing_branches": 15, "percent_branches_covered": 25.0, "percent_branches_covered_display": "25.00"}, "missing_lines": [111, 122, 123, 127, 129, 130, 132, 134, 135, 136, 140, 141, 142, 143, 144, 145, 146, 151, 152, 160, 162, 164, 165, 166, 167, 168, 169, 170], "excluded_lines": [], "executed_branches": [[110, 113], [118, 119], [126, 138], [138, 149], [157, 158]], "missing_branches": [[110, 111], [118, 126], [126, 127], [129, 130], [129, 132], [138, 140], [140, 141], [140, 146], [142, 143], [142, 146], [157, 160], [164, 165], [164, 170], [166, 167], [166, 170]]}, "is_within_days": {"executed_lines": [], "summary": {"covered_lines": 0, "num_statements": 28, "percent_covered": 0.0, "percent_covered_display": "0.00", "missing_lines": 28, "excluded_lines": 0, "percent_statements_covered": 0.0, "percent_statements_covered_display": "0.00", "num_branches": 12, "num_partial_branches": 0, "covered_branches": 0, "missing_branches": 12, "percent_branches_covered": 0.0, "percent_branches_covered_display": "0.00"}, "missing_lines": [195, 196, 197, 198, 200, 201, 204, 205, 206, 207, 208, 209, 212, 213, 214, 215, 217, 218, 219, 220, 222, 224, 227, 230, 231, 233, 235, 237], "excluded_lines": [], "executed_branches": [], "missing_branches": [[195, 196], [195, 197], [197, 198], [197, 200], [204, 205], [204, 212], [212, 213], [212, 222], [214, 215], [214, 217], [222, 224], [222, 227]]}, "": {"executed_lines": [2, 6, 7, 9, 12, 15, 33, 51, 66, 79, 94, 173], "summary": {"covered_lines": 11, "num_statements": 11, "percent_covered": 100.0, "percent_covered_display": "100.00", "missing_lines": 0, "excluded_lines": 0, "percent_statements_covered": 100.0, "percent_statements_covered_display": "100.00", "num_branches": 0, "num_partial_branches": 0, "covered_branches": 0, "missing_branches": 0, "percent_branches_covered": 100.0, "percent_branches_covered_display": "100.00"}, "missing_lines": [], "excluded_lines": [], "executed_branches": [], "missing_branches": []}}, "classes": {"": {"executed_lines": [2, 6, 7, 9, 12, 15, 25, 26, 30, 33, 46, 47, 48, 51, 66, 79, 94, 110, 113, 115, 118, 119, 120, 121, 126, 138, 149, 150, 154, 157, 158, 173], "summary": {"covered_lines": 31, "num_statements": 95, "percent_covered": 29.00763358778626, "percent_covered_display": "29.01", "missing_lines": 64, "excluded_lines": 0, "percent_statements_covered": 32.63157894736842, "percent_statements_covered_display": "32.63", "num_branches": 36, "num_partial_branches": 5, "covered_branches": 7, "missing_branches": 29, "percent_branches_covered": 19.444444444444443, "percent_branches_covered_display": "19.44"}, "missing_lines": [27, 28, 29, 63, 76, 89, 90, 91, 111, 122, 123, 127, 129, 130, 132, 134, 135, 136, 140, 141, 142, 143, 144, 145, 146, 151, 152, 160, 162, 164, 165, 166, 167, 168, 169, 170, 195, 196, 197, 198, 200, 201, 204, 205, 206, 207, 208, 209, 212, 213, 214, 215, 217, 218, 219, 220, 222, 224, 227, 230, 231, 233, 235, 237], "excluded_lines": [], "executed_branches": [[46, 47], [46, 48], [110, 113], [118, 119], [126, 138], [138, 149], [157, 158]], "missing_branches": [[89, 90], [89, 91], [110, 111], [118, 126], [126, 127], [129, 130], [129, 132], [138, 140], [140, 141], [140, 146], [142, 143], [142, 146], [157, 160], [164, 165], [164, 170], [166, 167], [166, 170], [195, 196], [195, 197], [197, 198], [197, 200], [204, 205], [204, 212], [212, 213], [212, 222], [214, 215], [214, 217], [222, 224], [222, 227]]}}}, "trendradar/utils/url.py": {"executed_lines": [2, 9, 10, 16, 26, 38, 64, 67, 69, 72, 73, 131], "summary": {"covered_lines": 11, "num_statements": 30, "percent_covered": 30.952380952380953, "percent_covered_display": "30.95", "missing_lines": 19, "excluded_lines": 0, "percent_statements_covered": 36.666666666666664, "percent_statements_covered_display": "36.67", "num_branches": 12, "num_partial_branches": 2, "covered_branches": 2, "missing_branches": 10, "percent_branches_covered": 16.666666666666668, "percent_branches_covered_display": "16.67"}, "missing_lines": [65, 76, 79, 82, 85, 86, 89, 96, 97, 107, 108, 109, 110, 112, 115, 124, 126, 128, 146], "excluded_lines": [], "executed_branches": [[64, 67], [72, 73]], "missing_branches": [[64, 65], [72, 76], [85, 86], [85, 89], [96, 97], [96, 107], [108, 109], [108, 112], [109, 108], [109, 110]], "functions": {"normalize_url": {"executed_lines": [64, 67, 69, 72, 73], "summary": {"covered_lines": 5, "num_statements": 23, "percent_covered": 20.0, "percent_covered_display": "20.00", "missing_lines": 18, "excluded_lines": 0, "percent_statements_covered": 21.73913043478261, "percent_statements_covered_display": "21.74", "num_branches": 12, "num_partial_branches": 2, "covered_branches": 2, "missing_branches": 10, "percent_branches_covered": 16.666666666666668, "percent_branches_covered_display": "16.67"}, "missing_lines": [65, 76, 79, 82, 85, 86, 89, 96, 97, 107, 108, 109, 110, 112, 115, 124, 126, 128], "excluded_lines": [], "executed_branches": [[64, 67], [72, 73]], "missing_branches": [[64, 65], [72, 76], [85, 86], [85, 89], [96, 97], [96, 107], [108, 109], [108, 112], [109, 108], [109, 110]]}, "get_url_signature": {"executed_lines": [], "summary": {"covered_lines": 0, "num_statements": 1, "percent_covered": 0.0, "percent_covered_display": "0.00", "missing_lines": 1, "excluded_lines": 0, "percent_statements_covered": 0.0, "percent_statements_covered_display": "0.00", "num_branches": 0, "num_partial_branches": 0, "covered_branches": 0, "missing_branches": 0, "percent_branches_covered": 100.0, "percent_branches_covered_display": "100.00"}, "missing_lines": [146], "excluded_lines": [], "executed_branches": [], "missing_branches": []}, "": {"executed_lines": [2, 9, 10, 16, 26, 38, 131], "summary": {"covered_lines": 6, "num_statements": 6, "percent_covered": 100.0, "percent_covered_display": "100.00", "missing_lines": 0, "excluded_lines": 0, "percent_statements_covered": 100.0, "percent_statements_covered_display": "100.00", "num_branches": 0, "num_partial_branches": 0, "covered_branches": 0, "missing_branches": 0, "percent_branches_covered": 100.0, "percent_branches_covered_display": "100.00"}, "missing_lines": [], "excluded_lines": [], "executed_branches": [], "missing_branches": []}}, "classes": {"": {"executed_lines": [2, 9, 10, 16, 26, 38, 64, 67, 69, 72, 73, 131], "summary": {"covered_lines": 11, "num_statements": 30, "percent_covered": 30.952380952380953, "percent_covered_display": "30.95", "missing_lines": 19, "excluded_lines": 0, "percent_statements_covered": 36.666666666666664, "percent_statements_covered_display": "36.67", "num_branches": 12, "num_partial_branches": 2, "covered_branches": 2, "missing_branches": 10, "percent_branches_covered": 16.666666666666668, "percent_branches_covered_display": "16.67"}, "missing_lines": [65, 76, 79, 82, 85, 86, 89, 96, 97, 107, 108, 109, 110, 112, 115, 124, 126, 128, 146], "excluded_lines": [], "executed_branches": [[64, 67], [72, 73]], "missing_branches": [[64, 65], [72, 76], [85, 86], [85, 89], [96, 97], [96, 107], [108, 109], [108, 112], [109, 108], [109, 110]]}}}}, "totals": {"covered_lines": 1739, "num_statements": 5783, "percent_covered": 27.192022376261704, "percent_covered_display": "27.19", "missing_lines": 4044, "excluded_lines": 5, "percent_statements_covered": 30.070897458066746, "percent_statements_covered_display": "30.07", "num_branches": 2440, "num_partial_branches": 117, "covered_branches": 497, "missing_branches": 1943, "percent_branches_covered": 20.368852459016395, "percent_branches_covered_display": "20.37"}}